# Logfile created on Fri Oct 16 15:54:52 -0700 2009  [4;36;1mSQL (0.3ms)[0m   [0;1m SELECT name
 FROM sqlite_master
 WHERE type = 'table' AND NOT name = 'sqlite_sequence'
[0m
  [4;35;1mSQL (0.2ms)[0m   [0mselect sqlite_version(*)[0m
  [4;36;1mSQL (2.0ms)[0m   [0;1mCREATE TABLE "schema_migrations" ("version" varchar(255) NOT NULL) [0m
  [4;35;1mSQL (1.5ms)[0m   [0mCREATE UNIQUE INDEX "unique_schema_migrations" ON "schema_migrations" ("version")[0m
  [4;36;1mSQL (0.3ms)[0m   [0;1m SELECT name
 FROM sqlite_master
 WHERE type = 'table' AND NOT name = 'sqlite_sequence'
[0m
  [4;35;1mSQL (0.2ms)[0m   [0mSELECT version FROM schema_migrations[0m
Migrating to CreatePosts (20090331233533)
  [4;36;1mSQL (0.7ms)[0m   [0;1mCREATE TABLE "posts" ("id" INTEGER PRIMARY KEY AUTOINCREMENT NOT NULL, "user_id" varchar(255), "title" varchar(250), "permalink" varchar(250), "publish_at" datetime, "content" varchar(255), "content_parsed" varchar(255), "created_at" datetime, "updated_at" datetime) [0m
  [4;35;1mSQL (0.3ms)[0m   [0mINSERT INTO schema_migrations (version) VALUES ('20090331233533')[0m
Migrating to CreateCategories (20090404020537)
  [4;36;1mSQL (0.6ms)[0m   [0;1mCREATE TABLE "categories" ("id" INTEGER PRIMARY KEY AUTOINCREMENT NOT NULL, "parent_id" integer DEFAULT 0, "name" varchar(50), "permalink" varchar(50), "description" varchar(300), "created_at" datetime, "updated_at" datetime) [0m
  [4;35;1mSQL (0.2ms)[0m   [0mINSERT INTO schema_migrations (version) VALUES ('20090404020537')[0m
Migrating to CreateCategoryEntries (20090404021136)
  [4;36;1mSQL (0.7ms)[0m   [0;1mCREATE TABLE "category_entries" ("id" INTEGER PRIMARY KEY AUTOINCREMENT NOT NULL, "post_id" integer, "category_id" integer, "created_at" datetime, "updated_at" datetime) [0m
  [4;35;1mSQL (0.2ms)[0m   [0mINSERT INTO schema_migrations (version) VALUES ('20090404021136')[0m
Migrating to CreateTags (20090404143849)
  [4;36;1mSQL (0.6ms)[0m   [0;1mCREATE TABLE "tags" ("id" INTEGER PRIMARY KEY AUTOINCREMENT NOT NULL, "name" varchar(50), "permalink" varchar(50), "description" varchar(300), "created_at" datetime, "updated_at" datetime) [0m
  [4;35;1mSQL (0.2ms)[0m   [0mINSERT INTO schema_migrations (version) VALUES ('20090404143849')[0m
Migrating to CreateTagEntries (20090404143943)
  [4;36;1mSQL (0.8ms)[0m   [0;1mCREATE TABLE "tag_entries" ("id" INTEGER PRIMARY KEY AUTOINCREMENT NOT NULL, "post_id" integer, "tag_id" integer, "created_at" datetime, "updated_at" datetime) [0m
  [4;35;1mSQL (0.3ms)[0m   [0mINSERT INTO schema_migrations (version) VALUES ('20090404143943')[0m
Migrating to CreateComments (20090404165228)
  [4;36;1mSQL (0.7ms)[0m   [0;1mCREATE TABLE "comments" ("id" INTEGER PRIMARY KEY AUTOINCREMENT NOT NULL, "post_id" integer, "alias" varchar(255), "ip" varchar(255), "website" varchar(255), "email" varchar(255), "comment" varchar(255), "created_at" datetime, "updated_at" datetime) [0m
  [4;35;1mSQL (0.2ms)[0m   [0mINSERT INTO schema_migrations (version) VALUES ('20090404165228')[0m
Migrating to AddDeletedToComment (20090404170416)
  [4;36;1mSQL (19.0ms)[0m   [0;1mALTER TABLE "comments" ADD "deleted_at" datetime[0m
  [4;35;1mSQL (0.3ms)[0m   [0mINSERT INTO schema_migrations (version) VALUES ('20090404170416')[0m
Migrating to CreateLinks (20090419215729)
  [4;36;1mSQL (1.8ms)[0m   [0;1mCREATE TABLE "links" ("id" INTEGER PRIMARY KEY AUTOINCREMENT NOT NULL, "name" varchar(50), "url" varchar(100), "deleted_at" datetime, "created_at" datetime, "updated_at" datetime) [0m
  [4;35;1mSQL (0.2ms)[0m   [0mINSERT INTO schema_migrations (version) VALUES ('20090419215729')[0m
Migrating to AlterCommentsFields (20090422233019)
  [4;36;1mSQL (60.5ms)[0m   [0;1mCREATE TEMPORARY TABLE "altered_comments" ("id" INTEGER PRIMARY KEY AUTOINCREMENT NOT NULL, "post_id" integer, "author" varchar(255), "ip" varchar(255), "website" varchar(255), "email" varchar(255), "comment" varchar(255), "created_at" datetime, "updated_at" datetime, "deleted_at" datetime) [0m
  [4;35;1mSQL (0.1ms)[0m   [0mPRAGMA index_list("comments")[0m
  [4;36;1mSQL (0.8ms)[0m   [0;1mDROP TABLE "comments"[0m
  [4;35;1mSQL (0.3ms)[0m   [0mCREATE TABLE "comments" ("id" INTEGER PRIMARY KEY AUTOINCREMENT NOT NULL, "post_id" integer, "author" varchar(255), "ip" varchar(255), "website" varchar(255), "email" varchar(255), "comment" varchar(255), "created_at" datetime, "updated_at" datetime, "deleted_at" datetime) [0m
  [4;36;1mSQL (0.1ms)[0m   [0;1mPRAGMA index_list("altered_comments")[0m
  [4;35;1mSQL (0.6ms)[0m   [0mDROP TABLE "altered_comments"[0m
  [4;36;1mSQL (0.3ms)[0m   [0;1mCREATE TEMPORARY TABLE "altered_comments" ("id" INTEGER PRIMARY KEY AUTOINCREMENT NOT NULL, "post_id" integer, "author" varchar(255), "ip" varchar(255), "author_url" varchar(255), "email" varchar(255), "comment" varchar(255), "created_at" datetime, "updated_at" datetime, "deleted_at" datetime) [0m
  [4;35;1mSQL (0.1ms)[0m   [0mPRAGMA index_list("comments")[0m
  [4;36;1mSQL (0.4ms)[0m   [0;1mDROP TABLE "comments"[0m
  [4;35;1mSQL (0.3ms)[0m   [0mCREATE TABLE "comments" ("id" INTEGER PRIMARY KEY AUTOINCREMENT NOT NULL, "post_id" integer, "author" varchar(255), "ip" varchar(255), "author_url" varchar(255), "email" varchar(255), "comment" varchar(255), "created_at" datetime, "updated_at" datetime, "deleted_at" datetime) [0m
  [4;36;1mSQL (0.1ms)[0m   [0;1mPRAGMA index_list("altered_comments")[0m
  [4;35;1mSQL (0.3ms)[0m   [0mDROP TABLE "altered_comments"[0m
  [4;36;1mSQL (0.5ms)[0m   [0;1mCREATE TEMPORARY TABLE "altered_comments" ("id" INTEGER PRIMARY KEY AUTOINCREMENT NOT NULL, "post_id" integer, "author" varchar(255), "ip" varchar(255), "author_url" varchar(255), "author_email" varchar(255), "comment" varchar(255), "created_at" datetime, "updated_at" datetime, "deleted_at" datetime) [0m
  [4;35;1mSQL (0.1ms)[0m   [0mPRAGMA index_list("comments")[0m
  [4;36;1mSQL (0.5ms)[0m   [0;1mDROP TABLE "comments"[0m
  [4;35;1mSQL (0.3ms)[0m   [0mCREATE TABLE "comments" ("id" INTEGER PRIMARY KEY AUTOINCREMENT NOT NULL, "post_id" integer, "author" varchar(255), "ip" varchar(255), "author_url" varchar(255), "author_email" varchar(255), "comment" varchar(255), "created_at" datetime, "updated_at" datetime, "deleted_at" datetime) [0m
  [4;36;1mSQL (0.1ms)[0m   [0;1mPRAGMA index_list("altered_comments")[0m
  [4;35;1mSQL (0.3ms)[0m   [0mDROP TABLE "altered_comments"[0m
  [4;36;1mSQL (0.4ms)[0m   [0;1mCREATE TEMPORARY TABLE "altered_comments" ("id" INTEGER PRIMARY KEY AUTOINCREMENT NOT NULL, "post_id" integer, "author" varchar(255), "ip" varchar(255), "author_url" varchar(255), "author_email" varchar(255), "content" varchar(255), "created_at" datetime, "updated_at" datetime, "deleted_at" datetime) [0m
  [4;35;1mSQL (0.1ms)[0m   [0mPRAGMA index_list("comments")[0m
  [4;36;1mSQL (0.4ms)[0m   [0;1mDROP TABLE "comments"[0m
  [4;35;1mSQL (0.4ms)[0m   [0mCREATE TABLE "comments" ("id" INTEGER PRIMARY KEY AUTOINCREMENT NOT NULL, "post_id" integer, "author" varchar(255), "ip" varchar(255), "author_url" varchar(255), "author_email" varchar(255), "content" varchar(255), "created_at" datetime, "updated_at" datetime, "deleted_at" datetime) [0m
  [4;36;1mSQL (0.1ms)[0m   [0;1mPRAGMA index_list("altered_comments")[0m
  [4;35;1mSQL (0.3ms)[0m   [0mDROP TABLE "altered_comments"[0m
  [4;36;1mSQL (0.3ms)[0m   [0;1mCREATE TEMPORARY TABLE "altered_comments" ("id" INTEGER PRIMARY KEY AUTOINCREMENT NOT NULL, "post_id" integer, "author" varchar(255), "user_ip" varchar(255), "author_url" varchar(255), "author_email" varchar(255), "content" varchar(255), "created_at" datetime, "updated_at" datetime, "deleted_at" datetime) [0m
  [4;35;1mSQL (0.3ms)[0m   [0mPRAGMA index_list("comments")[0m
  [4;36;1mSQL (0.5ms)[0m   [0;1mDROP TABLE "comments"[0m
  [4;35;1mSQL (0.3ms)[0m   [0mCREATE TABLE "comments" ("id" INTEGER PRIMARY KEY AUTOINCREMENT NOT NULL, "post_id" integer, "author" varchar(255), "user_ip" varchar(255), "author_url" varchar(255), "author_email" varchar(255), "content" varchar(255), "created_at" datetime, "updated_at" datetime, "deleted_at" datetime) [0m
  [4;36;1mSQL (0.1ms)[0m   [0;1mPRAGMA index_list("altered_comments")[0m
  [4;35;1mSQL (0.3ms)[0m   [0mDROP TABLE "altered_comments"[0m
  [4;36;1mSQL (0.3ms)[0m   [0;1mALTER TABLE "comments" ADD "user_agent" varchar(500)[0m
  [4;35;1mSQL (0.2ms)[0m   [0mINSERT INTO schema_migrations (version) VALUES ('20090422233019')[0m
  [4;36;1mSQL (0.7ms)[0m   [0;1m SELECT name
 FROM sqlite_master
 WHERE type = 'table' AND NOT name = 'sqlite_sequence'
[0m
  [4;35;1mSQL (0.4ms)[0m   [0mSELECT version FROM schema_migrations[0m
  [4;36;1mSQL (0.4ms)[0m   [0;1m SELECT name
 FROM sqlite_master
 WHERE type = 'table' AND NOT name = 'sqlite_sequence'
[0m
  [4;35;1mSQL (0.1ms)[0m   [0mPRAGMA index_list("categories")[0m
  [4;36;1mSQL (0.1ms)[0m   [0;1mPRAGMA index_list("category_entries")[0m
  [4;35;1mSQL (0.1ms)[0m   [0mPRAGMA index_list("comments")[0m
  [4;36;1mSQL (0.1ms)[0m   [0;1mPRAGMA index_list("links")[0m
  [4;35;1mSQL (0.1ms)[0m   [0mPRAGMA index_list("posts")[0m
  [4;36;1mSQL (0.1ms)[0m   [0;1mPRAGMA index_list("tag_entries")[0m
  [4;35;1mSQL (0.0ms)[0m   [0mPRAGMA index_list("tags")[0m


Processing ActionController::Base#index (for 127.0.0.1 at 2009-10-16 16:07:49) [GET]

NameError (uninitialized constant ApplicationController::PingbackHelper):
  app/controllers/application_controller.rb:9
  app/controllers/posts_controller.rb:1

Rendered rescues/_trace (53.8ms)
Rendered rescues/_request_and_response (2.0ms)
Rendering rescues/layout (internal_server_error)


Processing PostsController#index (for 127.0.0.1 at 2009-10-16 16:13:05) [GET]
  [4;36;1mSQL (22.7ms)[0m   [0;1m SELECT name
 FROM sqlite_master
 WHERE type = 'table' AND NOT name = 'sqlite_sequence'
[0m
  [4;35;1mSQL (0.6ms)[0m   [0m SELECT name
 FROM sqlite_master
 WHERE type = 'table' AND NOT name = 'sqlite_sequence'
[0m

NoMethodError (undefined method `has_permalink' for #<Class:0x34f04a4>):
  app/models/post.rb:25
  app/controllers/posts_controller.rb:4:in `index'

Rendered rescues/_trace (189.8ms)
Rendered rescues/_request_and_response (1.7ms)
Rendering rescues/layout (internal_server_error)


Processing PostsController#index (for 127.0.0.1 at 2009-10-16 16:13:36) [GET]
  [4;36;1mSQL (1.0ms)[0m   [0;1m SELECT name
 FROM sqlite_master
 WHERE type = 'table' AND NOT name = 'sqlite_sequence'
[0m
  [4;35;1mSQL (0.6ms)[0m   [0m SELECT name
 FROM sqlite_master
 WHERE type = 'table' AND NOT name = 'sqlite_sequence'
[0m

NoMethodError (undefined method `has_permalink' for #<Class:0x398b234>):
  app/models/post.rb:25
  app/controllers/posts_controller.rb:4:in `index'

Rendered rescues/_trace (77.1ms)
Rendered rescues/_request_and_response (4.5ms)
Rendering rescues/layout (internal_server_error)


Processing PostsController#index (for 127.0.0.1 at 2009-10-16 16:13:37) [GET]
  [4;36;1mSQL (1.0ms)[0m   [0;1m SELECT name
 FROM sqlite_master
 WHERE type = 'table' AND NOT name = 'sqlite_sequence'
[0m
  [4;35;1mSQL (0.7ms)[0m   [0m SELECT name
 FROM sqlite_master
 WHERE type = 'table' AND NOT name = 'sqlite_sequence'
[0m

NoMethodError (undefined method `has_permalink' for #<Class:0x366d5c0>):
  app/models/post.rb:25
  app/controllers/posts_controller.rb:4:in `index'

Rendered rescues/_trace (55.6ms)
Rendered rescues/_request_and_response (0.4ms)
Rendering rescues/layout (internal_server_error)


Processing PostsController#index (for 127.0.0.1 at 2009-10-16 16:15:10) [GET]
Rendering template within layouts/public/public
Rendering posts/index
  [4;36;1mPost Load (2.8ms)[0m   [0;1mSELECT * FROM "posts" WHERE (publish_at <= CURRENT_TIMESTAMP) ORDER BY publish_at DESC LIMIT 5[0m
  [4;35;1mPost Load (0.4ms)[0m   [0mSELECT * FROM "posts" WHERE (publish_at <= CURRENT_TIMESTAMP) ORDER BY publish_at DESC LIMIT 10[0m
Rendered layouts/public/blocks/_recent_posts (2.6ms)
  [4;36;1mSQL (0.6ms)[0m   [0;1m SELECT name
 FROM sqlite_master
 WHERE type = 'table' AND NOT name = 'sqlite_sequence'
[0m
  [4;35;1mSQL (0.6ms)[0m   [0m SELECT name
 FROM sqlite_master
 WHERE type = 'table' AND NOT name = 'sqlite_sequence'
[0m

ActionView::TemplateError (undefined method `acts_as_tree' for #<Class:0x348f050>) on line #13 of app/views/layouts/public/blocks/_standard.html.erb:
10:   <div id="sidebar_left">
11:     <ul>
12:       <li>
13:         <%= render :partial => "layouts/public/blocks/categories", :locals => { :categories => Category.root } %>
14:       </li>
15:     </ul>
16:   </div>

    app/models/category.rb:18
    app/views/layouts/public/blocks/_standard.html.erb:13
    app/views/posts/index.html.erb:4
    app/controllers/posts_controller.rb:7:in `index'

Rendered rescues/_trace (87.9ms)
Rendered rescues/_request_and_response (1.9ms)
Rendering rescues/layout (internal_server_error)


Processing PostsController#index (for 127.0.0.1 at 2009-10-16 16:15:54) [GET]
Rendering template within layouts/public/public
Rendering posts/index
  [4;36;1mPost Load (13.0ms)[0m   [0;1mSELECT * FROM "posts" WHERE (publish_at <= CURRENT_TIMESTAMP) ORDER BY publish_at DESC LIMIT 5[0m
  [4;35;1mPost Load (0.4ms)[0m   [0mSELECT * FROM "posts" WHERE (publish_at <= CURRENT_TIMESTAMP) ORDER BY publish_at DESC LIMIT 10[0m
Rendered layouts/public/blocks/_recent_posts (2.6ms)
  [4;36;1mCategory Load (0.5ms)[0m   [0;1mSELECT * FROM "categories" WHERE ("categories"."parent_id" = 0) [0m
Rendered layouts/public/blocks/_categories (187.5ms)
Rendered layouts/public/blocks/_meta (0.8ms)
Rendered layouts/public/blocks/_standard (251.9ms)
Rendered layouts/public/_head (27.3ms)
  [4;35;1mLink Load (0.3ms)[0m   [0mSELECT * FROM "links" ORDER BY name[0m
  [4;36;1mPost Load (0.2ms)[0m   [0;1mSELECT * FROM "posts" WHERE (publish_at <= CURRENT_TIMESTAMP) ORDER BY publish_at DESC[0m
Completed in 352ms (View: 310, DB: 14) | 200 OK [http://localhost/]


Processing ApplicationController#index (for 127.0.0.1 at 2009-10-16 16:16:06) [GET]

ActionController::RoutingError (No route matches "/admin" with {:method=>:get}):
  

Rendering rescues/layout (not_found)


Processing ApplicationController#index (for 127.0.0.1 at 2009-10-16 16:16:18) [GET]

ActionController::RoutingError (No route matches "/admin/post" with {:method=>:get}):
  

Rendering rescues/layout (not_found)


Processing ApplicationController#index (for 127.0.0.1 at 2009-10-16 16:16:20) [GET]

NameError (undefined local variable or method `uses_tiny_mce' for Admin::PostsController:Class):
  app/controllers/admin/posts_controller.rb:4

Rendered rescues/_trace (47.3ms)
Rendered rescues/_request_and_response (1.8ms)
Rendering rescues/layout (internal_server_error)


Processing ApplicationController#index (for 127.0.0.1 at 2009-10-16 16:16:21) [GET]

NameError (undefined local variable or method `uses_tiny_mce' for Admin::PostsController:Class):
  app/controllers/admin/posts_controller.rb:4

Rendered rescues/_trace (185.4ms)
Rendered rescues/_request_and_response (0.3ms)
Rendering rescues/layout (internal_server_error)


Processing ApplicationController#index (for 127.0.0.1 at 2009-10-16 16:18:26) [GET]

NameError (undefined local variable or method `uses_tiny_mce' for Admin::PostsController:Class):
  app/controllers/admin/posts_controller.rb:4

Rendered rescues/_trace (41.7ms)
Rendered rescues/_request_and_response (0.3ms)
Rendering rescues/layout (internal_server_error)


Processing Admin::PostsController#index (for 127.0.0.1 at 2009-10-16 16:19:01) [GET]
Filter chain halted as [:authenticate] rendered_or_redirected.
Completed in 18ms (View: 18, DB: 0) | 401 Unauthorized [http://localhost/admin/posts]


Processing Admin::PostsController#index (for 127.0.0.1 at 2009-10-16 16:19:48) [GET]
  [4;36;1mPost Load (0.9ms)[0m   [0;1mSELECT * FROM "posts" ORDER BY id desc[0m
Rendering template within layouts/admin/admin
Rendering admin/posts/index
Completed in 117ms (View: 87, DB: 1) | 200 OK [http://localhost/admin/posts]


Processing Admin::CategoriesController#index (for 127.0.0.1 at 2009-10-16 16:19:54) [GET]
  [4;35;1mCategory Load (28.5ms)[0m   [0mSELECT * FROM "categories" [0m
Rendering template within layouts/admin/admin
Rendering admin/categories/index
Completed in 92ms (View: 13, DB: 28) | 200 OK [http://localhost/admin/categories]


Processing Admin::CommentsController#index (for 127.0.0.1 at 2009-10-16 16:19:55) [GET]
  [4;36;1mComment Load (1.0ms)[0m   [0;1mSELECT * FROM "comments" ORDER BY id desc[0m
Rendering template within layouts/admin/admin
Rendering admin/comments/index
Completed in 22ms (View: 11, DB: 1) | 200 OK [http://localhost/admin/comments]


Processing Admin::LinksController#index (for 127.0.0.1 at 2009-10-16 16:19:56) [GET]
  [4;35;1mLink Load (0.7ms)[0m   [0mSELECT * FROM "links" [0m
Rendering template within layouts/admin/admin
Rendering admin/links/index
Completed in 19ms (View: 11, DB: 1) | 200 OK [http://localhost/admin/links]


Processing Admin::PostsController#index (for 127.0.0.1 at 2009-10-16 16:19:57) [GET]
  [4;36;1mPost Load (1.2ms)[0m   [0;1mSELECT * FROM "posts" ORDER BY id desc[0m
Rendering template within layouts/admin/admin
Rendering admin/posts/index
Completed in 17ms (View: 3, DB: 1) | 200 OK [http://localhost/admin/posts]


Processing Admin::PostsController#new (for 127.0.0.1 at 2009-10-16 16:19:59) [GET]
Rendering template within layouts/admin/admin
Rendering admin/posts/new
  [4;35;1mCategory Load (0.3ms)[0m   [0mSELECT * FROM "categories" [0m
Rendered admin/posts/_form (421.3ms)
Completed in 448ms (View: 434, DB: 0) | 200 OK [http://localhost/admin/posts/new]


Processing PostsController#index (for 127.0.0.1 at 2009-10-16 17:02:46) [GET]
Rendering template within layouts/public/public
Rendering posts/index
  [4;36;1mPost Load (23.1ms)[0m   [0;1mSELECT * FROM "posts" WHERE (publish_at <= CURRENT_TIMESTAMP) ORDER BY publish_at DESC LIMIT 5[0m
  [4;35;1mPost Load (1.2ms)[0m   [0mSELECT * FROM "posts" WHERE (publish_at <= CURRENT_TIMESTAMP) ORDER BY publish_at DESC LIMIT 10[0m
Rendered layouts/public/blocks/_recent_posts (14.6ms)
  [4;36;1mCategory Load (12.2ms)[0m   [0;1mSELECT * FROM "categories" WHERE ("categories"."parent_id" = 0) [0m
Rendered layouts/public/blocks/_categories (142.3ms)
Rendered layouts/public/blocks/_meta (12.3ms)
Rendered layouts/public/blocks/_standard (292.9ms)
Rendered layouts/public/_head (23.0ms)
  [4;35;1mLink Load (0.3ms)[0m   [0mSELECT * FROM "links" ORDER BY name[0m
  [4;36;1mPost Load (4.1ms)[0m   [0;1mSELECT * FROM "posts" WHERE (publish_at <= CURRENT_TIMESTAMP) ORDER BY publish_at DESC[0m
Completed in 656ms (View: 539, DB: 41) | 200 OK [http://localhost/]


Processing ApplicationController#index (for 127.0.0.1 at 2009-10-16 17:02:55) [GET]

ActionController::RoutingError (No route matches "/admin" with {:method=>:get}):
  

Rendering rescues/layout (not_found)


Processing ApplicationController#index (for 127.0.0.1 at 2009-10-16 17:02:59) [GET]

ActionController::RoutingError (No route matches "/admin/post" with {:method=>:get}):
  

Rendering rescues/layout (not_found)


Processing Admin::PostsController#index (for 127.0.0.1 at 2009-10-16 17:03:01) [GET]
  [4;35;1mPost Load (0.7ms)[0m   [0mSELECT * FROM "posts" ORDER BY id desc[0m
Rendering template within layouts/admin/admin
Rendering admin/posts/index
Completed in 28ms (View: 16, DB: 1) | 200 OK [http://localhost/admin/posts]


Processing Admin::CategoriesController#index (for 127.0.0.1 at 2009-10-16 17:03:04) [GET]
  [4;36;1mCategory Load (0.7ms)[0m   [0;1mSELECT * FROM "categories" [0m
Rendering template within layouts/admin/admin
Rendering admin/categories/index
Completed in 15ms (View: 4, DB: 1) | 200 OK [http://localhost/admin/categories]


Processing Admin::PostsController#index (for 127.0.0.1 at 2009-10-16 17:03:05) [GET]
  [4;35;1mPost Load (0.7ms)[0m   [0mSELECT * FROM "posts" ORDER BY id desc[0m
Rendering template within layouts/admin/admin
Rendering admin/posts/index
Completed in 15ms (View: 3, DB: 1) | 200 OK [http://localhost/admin/posts]


Processing Admin::LinksController#index (for 127.0.0.1 at 2009-10-16 17:03:06) [GET]
  [4;36;1mLink Load (0.7ms)[0m   [0;1mSELECT * FROM "links" [0m
Rendering template within layouts/admin/admin
Rendering admin/links/index
Completed in 11ms (View: 3, DB: 1) | 200 OK [http://localhost/admin/links]


Processing Admin::CommentsController#index (for 127.0.0.1 at 2009-10-16 17:03:08) [GET]
  [4;35;1mComment Load (14.2ms)[0m   [0mSELECT * FROM "comments" ORDER BY id desc[0m
Rendering template within layouts/admin/admin
Rendering admin/comments/index
Completed in 55ms (View: 4, DB: 14) | 200 OK [http://localhost/admin/comments]


Processing Admin::CategoriesController#index (for 127.0.0.1 at 2009-10-16 17:03:09) [GET]
  [4;36;1mCategory Load (0.9ms)[0m   [0;1mSELECT * FROM "categories" [0m
Rendering template within layouts/admin/admin
Rendering admin/categories/index
Completed in 14ms (View: 3, DB: 1) | 200 OK [http://localhost/admin/categories]
  [4;36;1mSQL (0.3ms)[0m   [0;1m SELECT name
 FROM sqlite_master
 WHERE type = 'table' AND NOT name = 'sqlite_sequence'
[0m
  [4;35;1mSQL (0.2ms)[0m   [0mselect sqlite_version(*)[0m
  [4;36;1mSQL (1.6ms)[0m   [0;1mCREATE TABLE "schema_migrations" ("version" varchar(255) NOT NULL) [0m
  [4;35;1mSQL (1.6ms)[0m   [0mCREATE UNIQUE INDEX "unique_schema_migrations" ON "schema_migrations" ("version")[0m
  [4;36;1mSQL (0.3ms)[0m   [0;1m SELECT name
 FROM sqlite_master
 WHERE type = 'table' AND NOT name = 'sqlite_sequence'
[0m
  [4;35;1mSQL (0.1ms)[0m   [0mSELECT version FROM schema_migrations[0m
Migrating to CreatePermalinks (1)
  [4;36;1mSQL (0.3ms)[0m   [0;1m SELECT name
 FROM sqlite_master
 WHERE type = 'table' AND NOT name = 'sqlite_sequence'
[0m
  [4;35;1mSQL (0.2ms)[0m   [0m SELECT name
 FROM sqlite_master
 WHERE type = 'table' AND NOT name = 'sqlite_sequence'
[0m
  [4;36;1mSQL (0.5ms)[0m   [0;1m SELECT name
 FROM sqlite_master
 WHERE type = 'table' AND NOT name = 'sqlite_sequence'
[0m
  [4;35;1mSQL (0.6ms)[0m   [0m SELECT name
 FROM sqlite_master
 WHERE type = 'table' AND NOT name = 'sqlite_sequence'
[0m
  [4;36;1mSQL (0.4ms)[0m   [0;1m SELECT name
 FROM sqlite_master
 WHERE type = 'table' AND NOT name = 'sqlite_sequence'
[0m
  [4;35;1mSQL (0.3ms)[0m   [0m SELECT name
 FROM sqlite_master
 WHERE type = 'table' AND NOT name = 'sqlite_sequence'
[0m
  [4;36;1mSQL (0.3ms)[0m   [0;1m SELECT name
 FROM sqlite_master
 WHERE type = 'table' AND NOT name = 'sqlite_sequence'
[0m
  [4;35;1mSQL (0.4ms)[0m   [0m SELECT name
 FROM sqlite_master
 WHERE type = 'table' AND NOT name = 'sqlite_sequence'
[0m
  [4;36;1mSQL (0.3ms)[0m   [0;1m SELECT name
 FROM sqlite_master
 WHERE type = 'table' AND NOT name = 'sqlite_sequence'
[0m
  [4;35;1mSQL (0.3ms)[0m   [0m SELECT name
 FROM sqlite_master
 WHERE type = 'table' AND NOT name = 'sqlite_sequence'
[0m
  [4;36;1mSQL (0.4ms)[0m   [0;1m SELECT name
 FROM sqlite_master
 WHERE type = 'table' AND NOT name = 'sqlite_sequence'
[0m
  [4;35;1mSQL (0.2ms)[0m   [0mSELECT version FROM schema_migrations[0m
Migrating to CreatePermalinks (1)
  [4;36;1mSQL (0.2ms)[0m   [0;1mselect sqlite_version(*)[0m
  [4;35;1mSQL (0.3ms)[0m   [0m SELECT name
 FROM sqlite_master
 WHERE type = 'table' AND NOT name = 'sqlite_sequence'
[0m
  [4;36;1mSQL (0.2ms)[0m   [0;1m SELECT name
 FROM sqlite_master
 WHERE type = 'table' AND NOT name = 'sqlite_sequence'
[0m
  [4;36;1mSQL (0.6ms)[0m   [0;1m SELECT name
 FROM sqlite_master
 WHERE type = 'table' AND NOT name = 'sqlite_sequence'
[0m
  [4;35;1mSQL (0.2ms)[0m   [0mSELECT version FROM schema_migrations[0m
Migrating to CreatePermalinks (1)
  [4;36;1mSQL (0.1ms)[0m   [0;1mselect sqlite_version(*)[0m
  [4;35;1mUser Load (0.0ms)[0m   [0mSQLite3::SQLException: no such table: users: SELECT * FROM "users" LIMIT 30 OFFSET 0[0m
  [4;36;1mSQL (0.5ms)[0m   [0;1m SELECT name
 FROM sqlite_master
 WHERE type = 'table' AND NOT name = 'sqlite_sequence'
[0m
  [4;35;1mSQL (0.3ms)[0m   [0m SELECT name
 FROM sqlite_master
 WHERE type = 'table' AND NOT name = 'sqlite_sequence'
[0m
  [4;36;1mSQL (0.3ms)[0m   [0;1m SELECT name
 FROM sqlite_master
 WHERE type = 'table' AND NOT name = 'sqlite_sequence'
[0m
  [4;35;1mSQL (0.3ms)[0m   [0m SELECT name
 FROM sqlite_master
 WHERE type = 'table' AND NOT name = 'sqlite_sequence'
[0m
  [4;36;1mSQL (0.3ms)[0m   [0;1m SELECT name
 FROM sqlite_master
 WHERE type = 'table' AND NOT name = 'sqlite_sequence'
[0m
  [4;35;1mSQL (0.3ms)[0m   [0m SELECT name
 FROM sqlite_master
 WHERE type = 'table' AND NOT name = 'sqlite_sequence'
[0m
  [4;36;1mSQL (0.4ms)[0m   [0;1m SELECT name
 FROM sqlite_master
 WHERE type = 'table' AND NOT name = 'sqlite_sequence'
[0m
  [4;35;1mSQL (0.3ms)[0m   [0m SELECT name
 FROM sqlite_master
 WHERE type = 'table' AND NOT name = 'sqlite_sequence'
[0m
  [4;36;1mSQL (0.4ms)[0m   [0;1m SELECT name
 FROM sqlite_master
 WHERE type = 'table' AND NOT name = 'sqlite_sequence'
[0m
  [4;35;1mSQL (0.1ms)[0m   [0mSELECT version FROM schema_migrations[0m
Migrating to CreatePermalinks (1)
  [4;36;1mSQL (0.1ms)[0m   [0;1mselect sqlite_version(*)[0m
  [4;35;1mSQL (0.6ms)[0m   [0m SELECT name
 FROM sqlite_master
 WHERE type = 'table' AND NOT name = 'sqlite_sequence'
[0m
  [4;36;1mSQL (0.2ms)[0m   [0;1m SELECT name
 FROM sqlite_master
 WHERE type = 'table' AND NOT name = 'sqlite_sequence'
[0m
  [4;36;1mSQL (0.5ms)[0m   [0;1m SELECT name
 FROM sqlite_master
 WHERE type = 'table' AND NOT name = 'sqlite_sequence'
[0m
  [4;35;1mSQL (0.3ms)[0m   [0m SELECT name
 FROM sqlite_master
 WHERE type = 'table' AND NOT name = 'sqlite_sequence'
[0m
  [4;36;1mSQL (0.3ms)[0m   [0;1m SELECT name
 FROM sqlite_master
 WHERE type = 'table' AND NOT name = 'sqlite_sequence'
[0m
  [4;35;1mSQL (0.3ms)[0m   [0m SELECT name
 FROM sqlite_master
 WHERE type = 'table' AND NOT name = 'sqlite_sequence'
[0m
  [4;36;1mSQL (0.3ms)[0m   [0;1m SELECT name
 FROM sqlite_master
 WHERE type = 'table' AND NOT name = 'sqlite_sequence'
[0m
  [4;35;1mSQL (0.3ms)[0m   [0m SELECT name
 FROM sqlite_master
 WHERE type = 'table' AND NOT name = 'sqlite_sequence'
[0m
  [4;36;1mSQL (0.3ms)[0m   [0;1m SELECT name
 FROM sqlite_master
 WHERE type = 'table' AND NOT name = 'sqlite_sequence'
[0m
  [4;35;1mSQL (0.3ms)[0m   [0m SELECT name
 FROM sqlite_master
 WHERE type = 'table' AND NOT name = 'sqlite_sequence'
[0m
  [4;36;1mSQL (0.3ms)[0m   [0;1m SELECT name
 FROM sqlite_master
 WHERE type = 'table' AND NOT name = 'sqlite_sequence'
[0m
  [4;35;1mSQL (0.1ms)[0m   [0mSELECT version FROM schema_migrations[0m
Migrating to CreatePermalinks (1)
  [4;36;1mSQL (0.1ms)[0m   [0;1mselect sqlite_version(*)[0m
  [4;35;1mSQL (0.3ms)[0m   [0m SELECT name
 FROM sqlite_master
 WHERE type = 'table' AND NOT name = 'sqlite_sequence'
[0m
  [4;36;1mSQL (0.2ms)[0m   [0;1m SELECT name
 FROM sqlite_master
 WHERE type = 'table' AND NOT name = 'sqlite_sequence'
[0m
  [4;36;1mSQL (0.5ms)[0m   [0;1m SELECT name
 FROM sqlite_master
 WHERE type = 'table' AND NOT name = 'sqlite_sequence'
[0m
  [4;35;1mSQL (0.1ms)[0m   [0mSELECT version FROM schema_migrations[0m
Migrating to CreatePermalinks (1)
  [4;36;1mSQL (0.1ms)[0m   [0;1mselect sqlite_version(*)[0m
  [4;35;1mUser Load (0.0ms)[0m   [0mSQLite3::SQLException: no such table: users: SELECT * FROM "users" LIMIT 30 OFFSET 0[0m
  [4;36;1mSQL (0.5ms)[0m   [0;1m SELECT name
 FROM sqlite_master
 WHERE type = 'table' AND NOT name = 'sqlite_sequence'
[0m
  [4;35;1mSQL (0.1ms)[0m   [0mSELECT version FROM schema_migrations[0m
Migrating to CreatePermalinks (1)
  [4;36;1mSQL (0.1ms)[0m   [0;1mselect sqlite_version(*)[0m
  [4;35;1mUser Load (0.0ms)[0m   [0mSQLite3::SQLException: no such table: users: SELECT * FROM "users" LIMIT 30 OFFSET 0[0m
  [4;36;1mSQL (0.5ms)[0m   [0;1m SELECT name
 FROM sqlite_master
 WHERE type = 'table' AND NOT name = 'sqlite_sequence'
[0m
  [4;35;1mSQL (0.1ms)[0m   [0mSELECT version FROM schema_migrations[0m
Migrating to AddOpenIdAuthenticationTables (20090317123901)
  [4;36;1mSQL (0.1ms)[0m   [0;1mselect sqlite_version(*)[0m
  [4;35;1mSQL (0.3ms)[0m   [0m SELECT name
 FROM sqlite_master
 WHERE type = 'table' AND NOT name = 'sqlite_sequence'
[0m
  [4;36;1mSQL (0.8ms)[0m   [0;1mCREATE TABLE "open_id_authentication_associations" ("id" INTEGER PRIMARY KEY AUTOINCREMENT NOT NULL, "server_url" blob, "handle" varchar(255), "secret" blob, "issued" integer, "lifetime" integer, "assoc_type" varchar(255)) [0m
  [4;35;1mSQL (0.2ms)[0m   [0m SELECT name
 FROM sqlite_master
 WHERE type = 'table' AND NOT name = 'sqlite_sequence'
[0m
  [4;36;1mSQL (0.2ms)[0m   [0;1mCREATE TABLE "open_id_authentication_nonces" ("id" INTEGER PRIMARY KEY AUTOINCREMENT NOT NULL, "nonce" varchar(255), "created" integer) [0m
  [4;35;1mSQL (0.2ms)[0m   [0m SELECT name
 FROM sqlite_master
 WHERE type = 'table' AND NOT name = 'sqlite_sequence'
[0m
  [4;36;1mSQL (0.2ms)[0m   [0;1mCREATE TABLE "open_id_authentication_settings" ("id" INTEGER PRIMARY KEY AUTOINCREMENT NOT NULL, "setting" varchar(255), "value" blob) [0m
  [4;35;1mSQL (0.2ms)[0m   [0mINSERT INTO schema_migrations (version) VALUES ('20090317123901')[0m
Migrating to CreateEntries (20090331233533)
  [4;36;1mSQL (0.7ms)[0m   [0;1mCREATE TABLE "entries" ("id" INTEGER PRIMARY KEY AUTOINCREMENT NOT NULL, "user_id" varchar(255), "title" varchar(250), "permalink" varchar(250), "publish_at" datetime, "content" varchar(255), "content_parsed" varchar(255), "created_at" datetime, "updated_at" datetime) [0m
  [4;35;1mSQL (0.3ms)[0m   [0mINSERT INTO schema_migrations (version) VALUES ('20090331233533')[0m
Migrating to CreateCategories (20090404020537)
  [4;36;1mSQL (0.7ms)[0m   [0;1mCREATE TABLE "categories" ("id" INTEGER PRIMARY KEY AUTOINCREMENT NOT NULL, "parent_id" integer DEFAULT 0, "name" varchar(50), "permalink" varchar(50), "description" varchar(300), "created_at" datetime, "updated_at" datetime) [0m
  [4;35;1mSQL (0.2ms)[0m   [0mINSERT INTO schema_migrations (version) VALUES ('20090404020537')[0m
Migrating to CreateCategoryEntries (20090404021136)
  [4;36;1mSQL (0.6ms)[0m   [0;1mCREATE TABLE "category_entries" ("id" INTEGER PRIMARY KEY AUTOINCREMENT NOT NULL, "entry_id" integer, "category_id" integer, "created_at" datetime, "updated_at" datetime) [0m
  [4;35;1mSQL (0.2ms)[0m   [0mINSERT INTO schema_migrations (version) VALUES ('20090404021136')[0m
Migrating to CreateTags (20090404143849)
  [4;36;1mSQL (0.7ms)[0m   [0;1mCREATE TABLE "tags" ("id" INTEGER PRIMARY KEY AUTOINCREMENT NOT NULL, "name" varchar(50), "permalink" varchar(50), "description" varchar(300), "created_at" datetime, "updated_at" datetime) [0m
  [4;35;1mSQL (0.2ms)[0m   [0mINSERT INTO schema_migrations (version) VALUES ('20090404143849')[0m
Migrating to CreateTagEntries (20090404143943)
  [4;36;1mSQL (0.7ms)[0m   [0;1mCREATE TABLE "tag_entries" ("id" INTEGER PRIMARY KEY AUTOINCREMENT NOT NULL, "entry_id" integer, "tag_id" integer, "created_at" datetime, "updated_at" datetime) [0m
  [4;35;1mSQL (0.2ms)[0m   [0mINSERT INTO schema_migrations (version) VALUES ('20090404143943')[0m
Migrating to CreateComments (20090404165228)
  [4;36;1mSQL (0.7ms)[0m   [0;1mCREATE TABLE "comments" ("id" INTEGER PRIMARY KEY AUTOINCREMENT NOT NULL, "entry_id" integer, "alias" varchar(255), "ip" varchar(255), "website" varchar(255), "email" varchar(255), "comment" varchar(255), "created_at" datetime, "updated_at" datetime) [0m
  [4;35;1mSQL (0.2ms)[0m   [0mINSERT INTO schema_migrations (version) VALUES ('20090404165228')[0m
Migrating to AddDeletedToComment (20090404170416)
  [4;36;1mSQL (0.8ms)[0m   [0;1mALTER TABLE "comments" ADD "deleted_at" datetime[0m
  [4;35;1mSQL (0.3ms)[0m   [0mINSERT INTO schema_migrations (version) VALUES ('20090404170416')[0m
Migrating to CreateLinks (20090419215729)
  [4;36;1mSQL (0.7ms)[0m   [0;1mCREATE TABLE "links" ("id" INTEGER PRIMARY KEY AUTOINCREMENT NOT NULL, "name" varchar(50), "url" varchar(100), "deleted_at" datetime, "created_at" datetime, "updated_at" datetime) [0m
  [4;35;1mSQL (0.2ms)[0m   [0mINSERT INTO schema_migrations (version) VALUES ('20090419215729')[0m
Migrating to AlterCommentsFields (20090422233019)
  [4;36;1mSQL (0.8ms)[0m   [0;1mCREATE TEMPORARY TABLE "altered_comments" ("id" INTEGER PRIMARY KEY AUTOINCREMENT NOT NULL, "entry_id" integer, "author" varchar(255), "ip" varchar(255), "website" varchar(255), "email" varchar(255), "comment" varchar(255), "created_at" datetime, "updated_at" datetime, "deleted_at" datetime) [0m
  [4;35;1mSQL (0.1ms)[0m   [0mPRAGMA index_list("comments")[0m
  [4;36;1mSQL (0.6ms)[0m   [0;1mDROP TABLE "comments"[0m
  [4;35;1mSQL (0.4ms)[0m   [0mCREATE TABLE "comments" ("id" INTEGER PRIMARY KEY AUTOINCREMENT NOT NULL, "entry_id" integer, "author" varchar(255), "ip" varchar(255), "website" varchar(255), "email" varchar(255), "comment" varchar(255), "created_at" datetime, "updated_at" datetime, "deleted_at" datetime) [0m
  [4;36;1mSQL (0.1ms)[0m   [0;1mPRAGMA index_list("altered_comments")[0m
  [4;35;1mSQL (0.7ms)[0m   [0mDROP TABLE "altered_comments"[0m
  [4;36;1mSQL (0.6ms)[0m   [0;1mCREATE TEMPORARY TABLE "altered_comments" ("id" INTEGER PRIMARY KEY AUTOINCREMENT NOT NULL, "entry_id" integer, "author" varchar(255), "ip" varchar(255), "author_url" varchar(255), "email" varchar(255), "comment" varchar(255), "created_at" datetime, "updated_at" datetime, "deleted_at" datetime) [0m
  [4;35;1mSQL (0.1ms)[0m   [0mPRAGMA index_list("comments")[0m
  [4;36;1mSQL (0.4ms)[0m   [0;1mDROP TABLE "comments"[0m
  [4;35;1mSQL (0.3ms)[0m   [0mCREATE TABLE "comments" ("id" INTEGER PRIMARY KEY AUTOINCREMENT NOT NULL, "entry_id" integer, "author" varchar(255), "ip" varchar(255), "author_url" varchar(255), "email" varchar(255), "comment" varchar(255), "created_at" datetime, "updated_at" datetime, "deleted_at" datetime) [0m
  [4;36;1mSQL (0.1ms)[0m   [0;1mPRAGMA index_list("altered_comments")[0m
  [4;35;1mSQL (0.3ms)[0m   [0mDROP TABLE "altered_comments"[0m
  [4;36;1mSQL (0.4ms)[0m   [0;1mCREATE TEMPORARY TABLE "altered_comments" ("id" INTEGER PRIMARY KEY AUTOINCREMENT NOT NULL, "entry_id" integer, "author" varchar(255), "ip" varchar(255), "author_url" varchar(255), "author_email" varchar(255), "comment" varchar(255), "created_at" datetime, "updated_at" datetime, "deleted_at" datetime) [0m
  [4;35;1mSQL (0.1ms)[0m   [0mPRAGMA index_list("comments")[0m
  [4;36;1mSQL (0.5ms)[0m   [0;1mDROP TABLE "comments"[0m
  [4;35;1mSQL (0.4ms)[0m   [0mCREATE TABLE "comments" ("id" INTEGER PRIMARY KEY AUTOINCREMENT NOT NULL, "entry_id" integer, "author" varchar(255), "ip" varchar(255), "author_url" varchar(255), "author_email" varchar(255), "comment" varchar(255), "created_at" datetime, "updated_at" datetime, "deleted_at" datetime) [0m
  [4;36;1mSQL (0.1ms)[0m   [0;1mPRAGMA index_list("altered_comments")[0m
  [4;35;1mSQL (0.3ms)[0m   [0mDROP TABLE "altered_comments"[0m
  [4;36;1mSQL (0.4ms)[0m   [0;1mCREATE TEMPORARY TABLE "altered_comments" ("id" INTEGER PRIMARY KEY AUTOINCREMENT NOT NULL, "entry_id" integer, "author" varchar(255), "ip" varchar(255), "author_url" varchar(255), "author_email" varchar(255), "content" varchar(255), "created_at" datetime, "updated_at" datetime, "deleted_at" datetime) [0m
  [4;35;1mSQL (0.1ms)[0m   [0mPRAGMA index_list("comments")[0m
  [4;36;1mSQL (0.4ms)[0m   [0;1mDROP TABLE "comments"[0m
  [4;35;1mSQL (0.3ms)[0m   [0mCREATE TABLE "comments" ("id" INTEGER PRIMARY KEY AUTOINCREMENT NOT NULL, "entry_id" integer, "author" varchar(255), "ip" varchar(255), "author_url" varchar(255), "author_email" varchar(255), "content" varchar(255), "created_at" datetime, "updated_at" datetime, "deleted_at" datetime) [0m
  [4;36;1mSQL (0.1ms)[0m   [0;1mPRAGMA index_list("altered_comments")[0m
  [4;35;1mSQL (0.3ms)[0m   [0mDROP TABLE "altered_comments"[0m
  [4;36;1mSQL (0.3ms)[0m   [0;1mCREATE TEMPORARY TABLE "altered_comments" ("id" INTEGER PRIMARY KEY AUTOINCREMENT NOT NULL, "entry_id" integer, "author" varchar(255), "user_ip" varchar(255), "author_url" varchar(255), "author_email" varchar(255), "content" varchar(255), "created_at" datetime, "updated_at" datetime, "deleted_at" datetime) [0m
  [4;35;1mSQL (0.1ms)[0m   [0mPRAGMA index_list("comments")[0m
  [4;36;1mSQL (0.5ms)[0m   [0;1mDROP TABLE "comments"[0m
  [4;35;1mSQL (0.3ms)[0m   [0mCREATE TABLE "comments" ("id" INTEGER PRIMARY KEY AUTOINCREMENT NOT NULL, "entry_id" integer, "author" varchar(255), "user_ip" varchar(255), "author_url" varchar(255), "author_email" varchar(255), "content" varchar(255), "created_at" datetime, "updated_at" datetime, "deleted_at" datetime) [0m
  [4;36;1mSQL (0.1ms)[0m   [0;1mPRAGMA index_list("altered_comments")[0m
  [4;35;1mSQL (0.3ms)[0m   [0mDROP TABLE "altered_comments"[0m
  [4;36;1mSQL (0.3ms)[0m   [0;1mALTER TABLE "comments" ADD "user_agent" varchar(500)[0m
  [4;35;1mSQL (0.2ms)[0m   [0mINSERT INTO schema_migrations (version) VALUES ('20090422233019')[0m
Migrating to CreateUsers (20091018035713)
  [4;36;1mSQL (0.7ms)[0m   [0;1m SELECT name
 FROM sqlite_master
 WHERE type = 'table' AND NOT name = 'sqlite_sequence'
[0m
  [4;35;1mSQL (0.6ms)[0m   [0mCREATE TABLE "users" ("id" INTEGER PRIMARY KEY AUTOINCREMENT NOT NULL, "login" varchar(40), "name" varchar(100) DEFAULT '', "email" varchar(100), "crypted_password" varchar(40), "salt" varchar(40), "created_at" datetime, "updated_at" datetime, "remember_token" varchar(40), "remember_token_expires_at" datetime) [0m
  [4;36;1mSQL (0.6ms)[0m   [0;1mCREATE UNIQUE INDEX "index_users_on_login" ON "users" ("login")[0m
  [4;35;1mSQL (0.2ms)[0m   [0mINSERT INTO schema_migrations (version) VALUES ('20091018035713')[0m
Migrating to CreatePermalinks (20091018035714)
  [4;36;1mUser Load (0.3ms)[0m   [0;1mSELECT * FROM "users" LIMIT 30 OFFSET 0[0m
  [4;35;1mSQL (0.6ms)[0m   [0m SELECT name
 FROM sqlite_master
 WHERE type = 'table' AND NOT name = 'sqlite_sequence'
[0m
  [4;36;1mSQL (0.9ms)[0m   [0;1m SELECT name
 FROM sqlite_master
 WHERE type = 'table' AND NOT name = 'sqlite_sequence'
[0m
  [4;36;1mSQL (0.3ms)[0m   [0;1m SELECT name
 FROM sqlite_master
 WHERE type = 'table' AND NOT name = 'sqlite_sequence'
[0m
  [4;35;1mSQL (0.1ms)[0m   [0mselect sqlite_version(*)[0m
  [4;36;1mSQL (2.3ms)[0m   [0;1mCREATE TABLE "schema_migrations" ("version" varchar(255) NOT NULL) [0m
  [4;35;1mSQL (1.3ms)[0m   [0mCREATE UNIQUE INDEX "unique_schema_migrations" ON "schema_migrations" ("version")[0m
  [4;36;1mSQL (0.2ms)[0m   [0;1m SELECT name
 FROM sqlite_master
 WHERE type = 'table' AND NOT name = 'sqlite_sequence'
[0m
  [4;35;1mSQL (0.1ms)[0m   [0mSELECT version FROM schema_migrations[0m
Migrating to AddOpenIdAuthenticationTables (20090317123901)
  [4;36;1mSQL (0.3ms)[0m   [0;1m SELECT name
 FROM sqlite_master
 WHERE type = 'table' AND NOT name = 'sqlite_sequence'
[0m
  [4;35;1mSQL (0.6ms)[0m   [0mCREATE TABLE "open_id_authentication_associations" ("id" INTEGER PRIMARY KEY AUTOINCREMENT NOT NULL, "server_url" blob, "handle" varchar(255), "secret" blob, "issued" integer, "lifetime" integer, "assoc_type" varchar(255)) [0m
  [4;36;1mSQL (0.2ms)[0m   [0;1m SELECT name
 FROM sqlite_master
 WHERE type = 'table' AND NOT name = 'sqlite_sequence'
[0m
  [4;35;1mSQL (0.2ms)[0m   [0mCREATE TABLE "open_id_authentication_nonces" ("id" INTEGER PRIMARY KEY AUTOINCREMENT NOT NULL, "nonce" varchar(255), "created" integer) [0m
  [4;36;1mSQL (0.2ms)[0m   [0;1m SELECT name
 FROM sqlite_master
 WHERE type = 'table' AND NOT name = 'sqlite_sequence'
[0m
  [4;35;1mSQL (0.2ms)[0m   [0mCREATE TABLE "open_id_authentication_settings" ("id" INTEGER PRIMARY KEY AUTOINCREMENT NOT NULL, "setting" varchar(255), "value" blob) [0m
  [4;36;1mSQL (0.2ms)[0m   [0;1mINSERT INTO schema_migrations (version) VALUES ('20090317123901')[0m
Migrating to CreateEntries (20090331233533)
  [4;35;1mSQL (0.7ms)[0m   [0mCREATE TABLE "entries" ("id" INTEGER PRIMARY KEY AUTOINCREMENT NOT NULL, "user_id" varchar(255), "title" varchar(250), "permalink" varchar(250), "publish_at" datetime, "content" varchar(255), "content_parsed" varchar(255), "created_at" datetime, "updated_at" datetime) [0m
  [4;36;1mSQL (0.3ms)[0m   [0;1mINSERT INTO schema_migrations (version) VALUES ('20090331233533')[0m
Migrating to CreateCategories (20090404020537)
  [4;35;1mSQL (0.9ms)[0m   [0mCREATE TABLE "categories" ("id" INTEGER PRIMARY KEY AUTOINCREMENT NOT NULL, "parent_id" integer DEFAULT 0, "name" varchar(50), "permalink" varchar(50), "description" varchar(300), "created_at" datetime, "updated_at" datetime) [0m
  [4;36;1mSQL (0.3ms)[0m   [0;1mINSERT INTO schema_migrations (version) VALUES ('20090404020537')[0m
Migrating to CreateCategoryEntries (20090404021136)
  [4;35;1mSQL (0.8ms)[0m   [0mCREATE TABLE "category_entries" ("id" INTEGER PRIMARY KEY AUTOINCREMENT NOT NULL, "entry_id" integer, "category_id" integer, "created_at" datetime, "updated_at" datetime) [0m
  [4;36;1mSQL (0.7ms)[0m   [0;1mINSERT INTO schema_migrations (version) VALUES ('20090404021136')[0m
Migrating to CreateTags (20090404143849)
  [4;35;1mSQL (0.7ms)[0m   [0mCREATE TABLE "tags" ("id" INTEGER PRIMARY KEY AUTOINCREMENT NOT NULL, "name" varchar(50), "permalink" varchar(50), "description" varchar(300), "created_at" datetime, "updated_at" datetime) [0m
  [4;36;1mSQL (0.4ms)[0m   [0;1mINSERT INTO schema_migrations (version) VALUES ('20090404143849')[0m
Migrating to CreateTagEntries (20090404143943)
  [4;35;1mSQL (0.7ms)[0m   [0mCREATE TABLE "tag_entries" ("id" INTEGER PRIMARY KEY AUTOINCREMENT NOT NULL, "entry_id" integer, "tag_id" integer, "created_at" datetime, "updated_at" datetime) [0m
  [4;36;1mSQL (0.2ms)[0m   [0;1mINSERT INTO schema_migrations (version) VALUES ('20090404143943')[0m
Migrating to CreateComments (20090404165228)
  [4;35;1mSQL (0.8ms)[0m   [0mCREATE TABLE "comments" ("id" INTEGER PRIMARY KEY AUTOINCREMENT NOT NULL, "entry_id" integer, "alias" varchar(255), "ip" varchar(255), "website" varchar(255), "email" varchar(255), "comment" varchar(255), "created_at" datetime, "updated_at" datetime) [0m
  [4;36;1mSQL (0.3ms)[0m   [0;1mINSERT INTO schema_migrations (version) VALUES ('20090404165228')[0m
Migrating to AddDeletedToComment (20090404170416)
  [4;35;1mSQL (0.7ms)[0m   [0mALTER TABLE "comments" ADD "deleted_at" datetime[0m
  [4;36;1mSQL (0.2ms)[0m   [0;1mINSERT INTO schema_migrations (version) VALUES ('20090404170416')[0m
Migrating to CreateLinks (20090419215729)
  [4;35;1mSQL (0.7ms)[0m   [0mCREATE TABLE "links" ("id" INTEGER PRIMARY KEY AUTOINCREMENT NOT NULL, "name" varchar(50), "url" varchar(100), "deleted_at" datetime, "created_at" datetime, "updated_at" datetime) [0m
  [4;36;1mSQL (0.2ms)[0m   [0;1mINSERT INTO schema_migrations (version) VALUES ('20090419215729')[0m
Migrating to AlterCommentsFields (20090422233019)
  [4;35;1mSQL (1.0ms)[0m   [0mCREATE TEMPORARY TABLE "altered_comments" ("id" INTEGER PRIMARY KEY AUTOINCREMENT NOT NULL, "entry_id" integer, "author" varchar(255), "ip" varchar(255), "website" varchar(255), "email" varchar(255), "comment" varchar(255), "created_at" datetime, "updated_at" datetime, "deleted_at" datetime) [0m
  [4;36;1mSQL (0.1ms)[0m   [0;1mPRAGMA index_list("comments")[0m
  [4;35;1mSQL (1.2ms)[0m   [0mDROP TABLE "comments"[0m
  [4;36;1mSQL (0.3ms)[0m   [0;1mCREATE TABLE "comments" ("id" INTEGER PRIMARY KEY AUTOINCREMENT NOT NULL, "entry_id" integer, "author" varchar(255), "ip" varchar(255), "website" varchar(255), "email" varchar(255), "comment" varchar(255), "created_at" datetime, "updated_at" datetime, "deleted_at" datetime) [0m
  [4;35;1mSQL (0.1ms)[0m   [0mPRAGMA index_list("altered_comments")[0m
  [4;36;1mSQL (0.7ms)[0m   [0;1mDROP TABLE "altered_comments"[0m
  [4;35;1mSQL (0.3ms)[0m   [0mCREATE TEMPORARY TABLE "altered_comments" ("id" INTEGER PRIMARY KEY AUTOINCREMENT NOT NULL, "entry_id" integer, "author" varchar(255), "ip" varchar(255), "author_url" varchar(255), "email" varchar(255), "comment" varchar(255), "created_at" datetime, "updated_at" datetime, "deleted_at" datetime) [0m
  [4;36;1mSQL (0.1ms)[0m   [0;1mPRAGMA index_list("comments")[0m
  [4;35;1mSQL (0.4ms)[0m   [0mDROP TABLE "comments"[0m
  [4;36;1mSQL (0.3ms)[0m   [0;1mCREATE TABLE "comments" ("id" INTEGER PRIMARY KEY AUTOINCREMENT NOT NULL, "entry_id" integer, "author" varchar(255), "ip" varchar(255), "author_url" varchar(255), "email" varchar(255), "comment" varchar(255), "created_at" datetime, "updated_at" datetime, "deleted_at" datetime) [0m
  [4;35;1mSQL (0.1ms)[0m   [0mPRAGMA index_list("altered_comments")[0m
  [4;36;1mSQL (0.3ms)[0m   [0;1mDROP TABLE "altered_comments"[0m
  [4;35;1mSQL (2.3ms)[0m   [0mCREATE TEMPORARY TABLE "altered_comments" ("id" INTEGER PRIMARY KEY AUTOINCREMENT NOT NULL, "entry_id" integer, "author" varchar(255), "ip" varchar(255), "author_url" varchar(255), "author_email" varchar(255), "comment" varchar(255), "created_at" datetime, "updated_at" datetime, "deleted_at" datetime) [0m
  [4;36;1mSQL (0.1ms)[0m   [0;1mPRAGMA index_list("comments")[0m
  [4;35;1mSQL (0.5ms)[0m   [0mDROP TABLE "comments"[0m
  [4;36;1mSQL (0.3ms)[0m   [0;1mCREATE TABLE "comments" ("id" INTEGER PRIMARY KEY AUTOINCREMENT NOT NULL, "entry_id" integer, "author" varchar(255), "ip" varchar(255), "author_url" varchar(255), "author_email" varchar(255), "comment" varchar(255), "created_at" datetime, "updated_at" datetime, "deleted_at" datetime) [0m
  [4;35;1mSQL (0.1ms)[0m   [0mPRAGMA index_list("altered_comments")[0m
  [4;36;1mSQL (0.4ms)[0m   [0;1mDROP TABLE "altered_comments"[0m
  [4;35;1mSQL (0.4ms)[0m   [0mCREATE TEMPORARY TABLE "altered_comments" ("id" INTEGER PRIMARY KEY AUTOINCREMENT NOT NULL, "entry_id" integer, "author" varchar(255), "ip" varchar(255), "author_url" varchar(255), "author_email" varchar(255), "content" varchar(255), "created_at" datetime, "updated_at" datetime, "deleted_at" datetime) [0m
  [4;36;1mSQL (0.1ms)[0m   [0;1mPRAGMA index_list("comments")[0m
  [4;35;1mSQL (0.3ms)[0m   [0mDROP TABLE "comments"[0m
  [4;36;1mSQL (0.3ms)[0m   [0;1mCREATE TABLE "comments" ("id" INTEGER PRIMARY KEY AUTOINCREMENT NOT NULL, "entry_id" integer, "author" varchar(255), "ip" varchar(255), "author_url" varchar(255), "author_email" varchar(255), "content" varchar(255), "created_at" datetime, "updated_at" datetime, "deleted_at" datetime) [0m
  [4;35;1mSQL (0.1ms)[0m   [0mPRAGMA index_list("altered_comments")[0m
  [4;36;1mSQL (0.3ms)[0m   [0;1mDROP TABLE "altered_comments"[0m
  [4;35;1mSQL (0.3ms)[0m   [0mCREATE TEMPORARY TABLE "altered_comments" ("id" INTEGER PRIMARY KEY AUTOINCREMENT NOT NULL, "entry_id" integer, "author" varchar(255), "user_ip" varchar(255), "author_url" varchar(255), "author_email" varchar(255), "content" varchar(255), "created_at" datetime, "updated_at" datetime, "deleted_at" datetime) [0m
  [4;36;1mSQL (0.1ms)[0m   [0;1mPRAGMA index_list("comments")[0m
  [4;35;1mSQL (0.4ms)[0m   [0mDROP TABLE "comments"[0m
  [4;36;1mSQL (0.3ms)[0m   [0;1mCREATE TABLE "comments" ("id" INTEGER PRIMARY KEY AUTOINCREMENT NOT NULL, "entry_id" integer, "author" varchar(255), "user_ip" varchar(255), "author_url" varchar(255), "author_email" varchar(255), "content" varchar(255), "created_at" datetime, "updated_at" datetime, "deleted_at" datetime) [0m
  [4;35;1mSQL (0.1ms)[0m   [0mPRAGMA index_list("altered_comments")[0m
  [4;36;1mSQL (0.3ms)[0m   [0;1mDROP TABLE "altered_comments"[0m
  [4;35;1mSQL (0.3ms)[0m   [0mALTER TABLE "comments" ADD "user_agent" varchar(500)[0m
  [4;36;1mSQL (0.2ms)[0m   [0;1mINSERT INTO schema_migrations (version) VALUES ('20090422233019')[0m
Migrating to CreateUsers (20091018035713)
  [4;35;1mSQL (0.8ms)[0m   [0m SELECT name
 FROM sqlite_master
 WHERE type = 'table' AND NOT name = 'sqlite_sequence'
[0m
  [4;36;1mSQL (0.7ms)[0m   [0;1mCREATE TABLE "users" ("id" INTEGER PRIMARY KEY AUTOINCREMENT NOT NULL, "login" varchar(40), "name" varchar(100) DEFAULT '', "email" varchar(100), "crypted_password" varchar(40), "salt" varchar(40), "created_at" datetime, "updated_at" datetime, "remember_token" varchar(40), "remember_token_expires_at" datetime) [0m
  [4;35;1mSQL (0.7ms)[0m   [0mCREATE UNIQUE INDEX "index_users_on_login" ON "users" ("login")[0m
  [4;36;1mSQL (0.2ms)[0m   [0;1mINSERT INTO schema_migrations (version) VALUES ('20091018035713')[0m
Migrating to CreatePermalinks (20091018035714)
  [4;35;1mUser Load (0.3ms)[0m   [0mSELECT * FROM "users" LIMIT 30 OFFSET 0[0m
  [4;36;1mSQL (0.3ms)[0m   [0;1m SELECT name
 FROM sqlite_master
 WHERE type = 'table' AND NOT name = 'sqlite_sequence'
[0m
  [4;35;1mSQL (0.1ms)[0m   [0mselect sqlite_version(*)[0m
  [4;36;1mSQL (2.3ms)[0m   [0;1mCREATE TABLE "schema_migrations" ("version" varchar(255) NOT NULL) [0m
  [4;35;1mSQL (1.4ms)[0m   [0mCREATE UNIQUE INDEX "unique_schema_migrations" ON "schema_migrations" ("version")[0m
  [4;36;1mSQL (0.2ms)[0m   [0;1m SELECT name
 FROM sqlite_master
 WHERE type = 'table' AND NOT name = 'sqlite_sequence'
[0m
  [4;35;1mSQL (0.1ms)[0m   [0mSELECT version FROM schema_migrations[0m
Migrating to CreateEntries (20090331233533)
  [4;36;1mSQL (0.8ms)[0m   [0;1mCREATE TABLE "entries" ("id" INTEGER PRIMARY KEY AUTOINCREMENT NOT NULL, "user_id" varchar(255), "title" varchar(250), "permalink" varchar(250), "publish_at" datetime, "content" varchar(255), "content_parsed" varchar(255), "created_at" datetime, "updated_at" datetime) [0m
  [4;35;1mSQL (0.2ms)[0m   [0mINSERT INTO schema_migrations (version) VALUES ('20090331233533')[0m
Migrating to CreateCategories (20090404020537)
  [4;36;1mSQL (0.7ms)[0m   [0;1mCREATE TABLE "categories" ("id" INTEGER PRIMARY KEY AUTOINCREMENT NOT NULL, "parent_id" integer DEFAULT 0, "name" varchar(50), "permalink" varchar(50), "description" varchar(300), "created_at" datetime, "updated_at" datetime) [0m
  [4;35;1mSQL (0.3ms)[0m   [0mINSERT INTO schema_migrations (version) VALUES ('20090404020537')[0m
Migrating to CreateCategoryEntries (20090404021136)
  [4;36;1mSQL (0.6ms)[0m   [0;1mCREATE TABLE "category_entries" ("id" INTEGER PRIMARY KEY AUTOINCREMENT NOT NULL, "entry_id" integer, "category_id" integer, "created_at" datetime, "updated_at" datetime) [0m
  [4;35;1mSQL (0.2ms)[0m   [0mINSERT INTO schema_migrations (version) VALUES ('20090404021136')[0m
Migrating to CreateTags (20090404143849)
  [4;36;1mSQL (1.0ms)[0m   [0;1mCREATE TABLE "tags" ("id" INTEGER PRIMARY KEY AUTOINCREMENT NOT NULL, "name" varchar(50), "permalink" varchar(50), "description" varchar(300), "created_at" datetime, "updated_at" datetime) [0m
  [4;35;1mSQL (0.2ms)[0m   [0mINSERT INTO schema_migrations (version) VALUES ('20090404143849')[0m
Migrating to CreateTagEntries (20090404143943)
  [4;36;1mSQL (0.8ms)[0m   [0;1mCREATE TABLE "tag_entries" ("id" INTEGER PRIMARY KEY AUTOINCREMENT NOT NULL, "entry_id" integer, "tag_id" integer, "created_at" datetime, "updated_at" datetime) [0m
  [4;35;1mSQL (0.3ms)[0m   [0mINSERT INTO schema_migrations (version) VALUES ('20090404143943')[0m
Migrating to CreateComments (20090404165228)
  [4;36;1mSQL (0.7ms)[0m   [0;1mCREATE TABLE "comments" ("id" INTEGER PRIMARY KEY AUTOINCREMENT NOT NULL, "entry_id" integer, "alias" varchar(255), "ip" varchar(255), "website" varchar(255), "email" varchar(255), "comment" varchar(255), "created_at" datetime, "updated_at" datetime) [0m
  [4;35;1mSQL (0.2ms)[0m   [0mINSERT INTO schema_migrations (version) VALUES ('20090404165228')[0m
Migrating to AddDeletedToComment (20090404170416)
  [4;36;1mSQL (0.7ms)[0m   [0;1mALTER TABLE "comments" ADD "deleted_at" datetime[0m
  [4;35;1mSQL (0.2ms)[0m   [0mINSERT INTO schema_migrations (version) VALUES ('20090404170416')[0m
Migrating to CreateLinks (20090419215729)
  [4;36;1mSQL (0.9ms)[0m   [0;1mCREATE TABLE "links" ("id" INTEGER PRIMARY KEY AUTOINCREMENT NOT NULL, "name" varchar(50), "url" varchar(100), "deleted_at" datetime, "created_at" datetime, "updated_at" datetime) [0m
  [4;35;1mSQL (0.4ms)[0m   [0mINSERT INTO schema_migrations (version) VALUES ('20090419215729')[0m
Migrating to AlterCommentsFields (20090422233019)
  [4;36;1mSQL (0.9ms)[0m   [0;1mCREATE TEMPORARY TABLE "altered_comments" ("id" INTEGER PRIMARY KEY AUTOINCREMENT NOT NULL, "entry_id" integer, "author" varchar(255), "ip" varchar(255), "website" varchar(255), "email" varchar(255), "comment" varchar(255), "created_at" datetime, "updated_at" datetime, "deleted_at" datetime) [0m
  [4;35;1mSQL (0.1ms)[0m   [0mPRAGMA index_list("comments")[0m
  [4;36;1mSQL (0.8ms)[0m   [0;1mDROP TABLE "comments"[0m
  [4;35;1mSQL (0.3ms)[0m   [0mCREATE TABLE "comments" ("id" INTEGER PRIMARY KEY AUTOINCREMENT NOT NULL, "entry_id" integer, "author" varchar(255), "ip" varchar(255), "website" varchar(255), "email" varchar(255), "comment" varchar(255), "created_at" datetime, "updated_at" datetime, "deleted_at" datetime) [0m
  [4;36;1mSQL (0.1ms)[0m   [0;1mPRAGMA index_list("altered_comments")[0m
  [4;35;1mSQL (0.7ms)[0m   [0mDROP TABLE "altered_comments"[0m
  [4;36;1mSQL (0.4ms)[0m   [0;1mCREATE TEMPORARY TABLE "altered_comments" ("id" INTEGER PRIMARY KEY AUTOINCREMENT NOT NULL, "entry_id" integer, "author" varchar(255), "ip" varchar(255), "author_url" varchar(255), "email" varchar(255), "comment" varchar(255), "created_at" datetime, "updated_at" datetime, "deleted_at" datetime) [0m
  [4;35;1mSQL (0.1ms)[0m   [0mPRAGMA index_list("comments")[0m
  [4;36;1mSQL (0.5ms)[0m   [0;1mDROP TABLE "comments"[0m
  [4;35;1mSQL (0.4ms)[0m   [0mCREATE TABLE "comments" ("id" INTEGER PRIMARY KEY AUTOINCREMENT NOT NULL, "entry_id" integer, "author" varchar(255), "ip" varchar(255), "author_url" varchar(255), "email" varchar(255), "comment" varchar(255), "created_at" datetime, "updated_at" datetime, "deleted_at" datetime) [0m
  [4;36;1mSQL (0.1ms)[0m   [0;1mPRAGMA index_list("altered_comments")[0m
  [4;35;1mSQL (0.3ms)[0m   [0mDROP TABLE "altered_comments"[0m
  [4;36;1mSQL (0.4ms)[0m   [0;1mCREATE TEMPORARY TABLE "altered_comments" ("id" INTEGER PRIMARY KEY AUTOINCREMENT NOT NULL, "entry_id" integer, "author" varchar(255), "ip" varchar(255), "author_url" varchar(255), "author_email" varchar(255), "comment" varchar(255), "created_at" datetime, "updated_at" datetime, "deleted_at" datetime) [0m
  [4;35;1mSQL (0.1ms)[0m   [0mPRAGMA index_list("comments")[0m
  [4;36;1mSQL (0.4ms)[0m   [0;1mDROP TABLE "comments"[0m
  [4;35;1mSQL (0.3ms)[0m   [0mCREATE TABLE "comments" ("id" INTEGER PRIMARY KEY AUTOINCREMENT NOT NULL, "entry_id" integer, "author" varchar(255), "ip" varchar(255), "author_url" varchar(255), "author_email" varchar(255), "comment" varchar(255), "created_at" datetime, "updated_at" datetime, "deleted_at" datetime) [0m
  [4;36;1mSQL (0.1ms)[0m   [0;1mPRAGMA index_list("altered_comments")[0m
  [4;35;1mSQL (0.3ms)[0m   [0mDROP TABLE "altered_comments"[0m
  [4;36;1mSQL (0.3ms)[0m   [0;1mCREATE TEMPORARY TABLE "altered_comments" ("id" INTEGER PRIMARY KEY AUTOINCREMENT NOT NULL, "entry_id" integer, "author" varchar(255), "ip" varchar(255), "author_url" varchar(255), "author_email" varchar(255), "content" varchar(255), "created_at" datetime, "updated_at" datetime, "deleted_at" datetime) [0m
  [4;35;1mSQL (0.1ms)[0m   [0mPRAGMA index_list("comments")[0m
  [4;36;1mSQL (0.7ms)[0m   [0;1mDROP TABLE "comments"[0m
  [4;35;1mSQL (0.3ms)[0m   [0mCREATE TABLE "comments" ("id" INTEGER PRIMARY KEY AUTOINCREMENT NOT NULL, "entry_id" integer, "author" varchar(255), "ip" varchar(255), "author_url" varchar(255), "author_email" varchar(255), "content" varchar(255), "created_at" datetime, "updated_at" datetime, "deleted_at" datetime) [0m
  [4;36;1mSQL (0.1ms)[0m   [0;1mPRAGMA index_list("altered_comments")[0m
  [4;35;1mSQL (0.3ms)[0m   [0mDROP TABLE "altered_comments"[0m
  [4;36;1mSQL (0.3ms)[0m   [0;1mCREATE TEMPORARY TABLE "altered_comments" ("id" INTEGER PRIMARY KEY AUTOINCREMENT NOT NULL, "entry_id" integer, "author" varchar(255), "user_ip" varchar(255), "author_url" varchar(255), "author_email" varchar(255), "content" varchar(255), "created_at" datetime, "updated_at" datetime, "deleted_at" datetime) [0m
  [4;35;1mSQL (0.2ms)[0m   [0mPRAGMA index_list("comments")[0m
  [4;36;1mSQL (0.4ms)[0m   [0;1mDROP TABLE "comments"[0m
  [4;35;1mSQL (0.3ms)[0m   [0mCREATE TABLE "comments" ("id" INTEGER PRIMARY KEY AUTOINCREMENT NOT NULL, "entry_id" integer, "author" varchar(255), "user_ip" varchar(255), "author_url" varchar(255), "author_email" varchar(255), "content" varchar(255), "created_at" datetime, "updated_at" datetime, "deleted_at" datetime) [0m
  [4;36;1mSQL (0.0ms)[0m   [0;1mPRAGMA index_list("altered_comments")[0m
  [4;35;1mSQL (0.3ms)[0m   [0mDROP TABLE "altered_comments"[0m
  [4;36;1mSQL (0.3ms)[0m   [0;1mALTER TABLE "comments" ADD "user_agent" varchar(500)[0m
  [4;35;1mSQL (0.2ms)[0m   [0mINSERT INTO schema_migrations (version) VALUES ('20090422233019')[0m
Migrating to CreateAlteredBeastSchema (20091018035715)
  [4;36;1mSQL (0.3ms)[0m   [0;1m SELECT name
 FROM sqlite_master
 WHERE type = 'table' AND NOT name = 'sqlite_sequence'
[0m
  [4;35;1mSQL (0.1ms)[0m   [0mselect sqlite_version(*)[0m
  [4;36;1mSQL (2.7ms)[0m   [0;1mCREATE TABLE "schema_migrations" ("version" varchar(255) NOT NULL) [0m
  [4;35;1mSQL (1.4ms)[0m   [0mCREATE UNIQUE INDEX "unique_schema_migrations" ON "schema_migrations" ("version")[0m
  [4;36;1mSQL (0.2ms)[0m   [0;1m SELECT name
 FROM sqlite_master
 WHERE type = 'table' AND NOT name = 'sqlite_sequence'
[0m
  [4;35;1mSQL (0.1ms)[0m   [0mSELECT version FROM schema_migrations[0m
Migrating to CreateEntries (20090331233533)
  [4;36;1mSQL (0.8ms)[0m   [0;1mCREATE TABLE "entries" ("id" INTEGER PRIMARY KEY AUTOINCREMENT NOT NULL, "user_id" varchar(255), "title" varchar(250), "permalink" varchar(250), "publish_at" datetime, "content" varchar(255), "content_parsed" varchar(255), "created_at" datetime, "updated_at" datetime) [0m
  [4;35;1mSQL (0.2ms)[0m   [0mINSERT INTO schema_migrations (version) VALUES ('20090331233533')[0m
Migrating to CreateCategories (20090404020537)
  [4;36;1mSQL (0.7ms)[0m   [0;1mCREATE TABLE "categories" ("id" INTEGER PRIMARY KEY AUTOINCREMENT NOT NULL, "parent_id" integer DEFAULT 0, "name" varchar(50), "permalink" varchar(50), "description" varchar(300), "created_at" datetime, "updated_at" datetime) [0m
  [4;35;1mSQL (0.2ms)[0m   [0mINSERT INTO schema_migrations (version) VALUES ('20090404020537')[0m
Migrating to CreateCategoryEntries (20090404021136)
  [4;36;1mSQL (1.6ms)[0m   [0;1mCREATE TABLE "category_entries" ("id" INTEGER PRIMARY KEY AUTOINCREMENT NOT NULL, "entry_id" integer, "category_id" integer, "created_at" datetime, "updated_at" datetime) [0m
  [4;35;1mSQL (0.4ms)[0m   [0mINSERT INTO schema_migrations (version) VALUES ('20090404021136')[0m
Migrating to CreateTags (20090404143849)
  [4;36;1mSQL (0.7ms)[0m   [0;1mCREATE TABLE "tags" ("id" INTEGER PRIMARY KEY AUTOINCREMENT NOT NULL, "name" varchar(50), "permalink" varchar(50), "description" varchar(300), "created_at" datetime, "updated_at" datetime) [0m
  [4;35;1mSQL (0.2ms)[0m   [0mINSERT INTO schema_migrations (version) VALUES ('20090404143849')[0m
Migrating to CreateTagEntries (20090404143943)
  [4;36;1mSQL (0.6ms)[0m   [0;1mCREATE TABLE "tag_entries" ("id" INTEGER PRIMARY KEY AUTOINCREMENT NOT NULL, "entry_id" integer, "tag_id" integer, "created_at" datetime, "updated_at" datetime) [0m
  [4;35;1mSQL (0.2ms)[0m   [0mINSERT INTO schema_migrations (version) VALUES ('20090404143943')[0m
Migrating to CreateComments (20090404165228)
  [4;36;1mSQL (0.7ms)[0m   [0;1mCREATE TABLE "comments" ("id" INTEGER PRIMARY KEY AUTOINCREMENT NOT NULL, "entry_id" integer, "alias" varchar(255), "ip" varchar(255), "website" varchar(255), "email" varchar(255), "comment" varchar(255), "created_at" datetime, "updated_at" datetime) [0m
  [4;35;1mSQL (0.2ms)[0m   [0mINSERT INTO schema_migrations (version) VALUES ('20090404165228')[0m
Migrating to AddDeletedToComment (20090404170416)
  [4;36;1mSQL (0.7ms)[0m   [0;1mALTER TABLE "comments" ADD "deleted_at" datetime[0m
  [4;35;1mSQL (0.3ms)[0m   [0mINSERT INTO schema_migrations (version) VALUES ('20090404170416')[0m
Migrating to CreateLinks (20090419215729)
  [4;36;1mSQL (0.7ms)[0m   [0;1mCREATE TABLE "links" ("id" INTEGER PRIMARY KEY AUTOINCREMENT NOT NULL, "name" varchar(50), "url" varchar(100), "deleted_at" datetime, "created_at" datetime, "updated_at" datetime) [0m
  [4;35;1mSQL (0.2ms)[0m   [0mINSERT INTO schema_migrations (version) VALUES ('20090419215729')[0m
Migrating to AlterCommentsFields (20090422233019)
  [4;36;1mSQL (0.9ms)[0m   [0;1mCREATE TEMPORARY TABLE "altered_comments" ("id" INTEGER PRIMARY KEY AUTOINCREMENT NOT NULL, "entry_id" integer, "author" varchar(255), "ip" varchar(255), "website" varchar(255), "email" varchar(255), "comment" varchar(255), "created_at" datetime, "updated_at" datetime, "deleted_at" datetime) [0m
  [4;35;1mSQL (0.1ms)[0m   [0mPRAGMA index_list("comments")[0m
  [4;36;1mSQL (1.4ms)[0m   [0;1mDROP TABLE "comments"[0m
  [4;35;1mSQL (0.4ms)[0m   [0mCREATE TABLE "comments" ("id" INTEGER PRIMARY KEY AUTOINCREMENT NOT NULL, "entry_id" integer, "author" varchar(255), "ip" varchar(255), "website" varchar(255), "email" varchar(255), "comment" varchar(255), "created_at" datetime, "updated_at" datetime, "deleted_at" datetime) [0m
  [4;36;1mSQL (0.1ms)[0m   [0;1mPRAGMA index_list("altered_comments")[0m
  [4;35;1mSQL (0.7ms)[0m   [0mDROP TABLE "altered_comments"[0m
  [4;36;1mSQL (0.4ms)[0m   [0;1mCREATE TEMPORARY TABLE "altered_comments" ("id" INTEGER PRIMARY KEY AUTOINCREMENT NOT NULL, "entry_id" integer, "author" varchar(255), "ip" varchar(255), "author_url" varchar(255), "email" varchar(255), "comment" varchar(255), "created_at" datetime, "updated_at" datetime, "deleted_at" datetime) [0m
  [4;35;1mSQL (0.1ms)[0m   [0mPRAGMA index_list("comments")[0m
  [4;36;1mSQL (0.6ms)[0m   [0;1mDROP TABLE "comments"[0m
  [4;35;1mSQL (0.5ms)[0m   [0mCREATE TABLE "comments" ("id" INTEGER PRIMARY KEY AUTOINCREMENT NOT NULL, "entry_id" integer, "author" varchar(255), "ip" varchar(255), "author_url" varchar(255), "email" varchar(255), "comment" varchar(255), "created_at" datetime, "updated_at" datetime, "deleted_at" datetime) [0m
  [4;36;1mSQL (0.1ms)[0m   [0;1mPRAGMA index_list("altered_comments")[0m
  [4;35;1mSQL (0.4ms)[0m   [0mDROP TABLE "altered_comments"[0m
  [4;36;1mSQL (0.4ms)[0m   [0;1mCREATE TEMPORARY TABLE "altered_comments" ("id" INTEGER PRIMARY KEY AUTOINCREMENT NOT NULL, "entry_id" integer, "author" varchar(255), "ip" varchar(255), "author_url" varchar(255), "author_email" varchar(255), "comment" varchar(255), "created_at" datetime, "updated_at" datetime, "deleted_at" datetime) [0m
  [4;35;1mSQL (0.1ms)[0m   [0mPRAGMA index_list("comments")[0m
  [4;36;1mSQL (0.4ms)[0m   [0;1mDROP TABLE "comments"[0m
  [4;35;1mSQL (0.3ms)[0m   [0mCREATE TABLE "comments" ("id" INTEGER PRIMARY KEY AUTOINCREMENT NOT NULL, "entry_id" integer, "author" varchar(255), "ip" varchar(255), "author_url" varchar(255), "author_email" varchar(255), "comment" varchar(255), "created_at" datetime, "updated_at" datetime, "deleted_at" datetime) [0m
  [4;36;1mSQL (0.1ms)[0m   [0;1mPRAGMA index_list("altered_comments")[0m
  [4;35;1mSQL (0.3ms)[0m   [0mDROP TABLE "altered_comments"[0m
  [4;36;1mSQL (0.3ms)[0m   [0;1mCREATE TEMPORARY TABLE "altered_comments" ("id" INTEGER PRIMARY KEY AUTOINCREMENT NOT NULL, "entry_id" integer, "author" varchar(255), "ip" varchar(255), "author_url" varchar(255), "author_email" varchar(255), "content" varchar(255), "created_at" datetime, "updated_at" datetime, "deleted_at" datetime) [0m
  [4;35;1mSQL (0.1ms)[0m   [0mPRAGMA index_list("comments")[0m
  [4;36;1mSQL (0.5ms)[0m   [0;1mDROP TABLE "comments"[0m
  [4;35;1mSQL (0.3ms)[0m   [0mCREATE TABLE "comments" ("id" INTEGER PRIMARY KEY AUTOINCREMENT NOT NULL, "entry_id" integer, "author" varchar(255), "ip" varchar(255), "author_url" varchar(255), "author_email" varchar(255), "content" varchar(255), "created_at" datetime, "updated_at" datetime, "deleted_at" datetime) [0m
  [4;36;1mSQL (0.1ms)[0m   [0;1mPRAGMA index_list("altered_comments")[0m
  [4;35;1mSQL (0.3ms)[0m   [0mDROP TABLE "altered_comments"[0m
  [4;36;1mSQL (0.3ms)[0m   [0;1mCREATE TEMPORARY TABLE "altered_comments" ("id" INTEGER PRIMARY KEY AUTOINCREMENT NOT NULL, "entry_id" integer, "author" varchar(255), "user_ip" varchar(255), "author_url" varchar(255), "author_email" varchar(255), "content" varchar(255), "created_at" datetime, "updated_at" datetime, "deleted_at" datetime) [0m
  [4;35;1mSQL (0.1ms)[0m   [0mPRAGMA index_list("comments")[0m
  [4;36;1mSQL (0.4ms)[0m   [0;1mDROP TABLE "comments"[0m
  [4;35;1mSQL (0.3ms)[0m   [0mCREATE TABLE "comments" ("id" INTEGER PRIMARY KEY AUTOINCREMENT NOT NULL, "entry_id" integer, "author" varchar(255), "user_ip" varchar(255), "author_url" varchar(255), "author_email" varchar(255), "content" varchar(255), "created_at" datetime, "updated_at" datetime, "deleted_at" datetime) [0m
  [4;36;1mSQL (0.1ms)[0m   [0;1mPRAGMA index_list("altered_comments")[0m
  [4;35;1mSQL (0.4ms)[0m   [0mDROP TABLE "altered_comments"[0m
  [4;36;1mSQL (0.3ms)[0m   [0;1mALTER TABLE "comments" ADD "user_agent" varchar(500)[0m
  [4;35;1mSQL (0.2ms)[0m   [0mINSERT INTO schema_migrations (version) VALUES ('20090422233019')[0m
Migrating to CreateAlteredBeastSchema (20091018035715)
  [4;36;1mSQL (0.6ms)[0m   [0;1m SELECT name
 FROM sqlite_master
 WHERE type = 'table' AND NOT name = 'sqlite_sequence'
[0m
  [4;35;1mSQL (0.8ms)[0m   [0mCREATE TABLE "forums" ("id" INTEGER PRIMARY KEY AUTOINCREMENT NOT NULL, "site_id" integer, "name" varchar(255), "description" varchar(255), "topics_count" integer DEFAULT 0, "posts_count" integer DEFAULT 0, "position" integer DEFAULT 0, "description_html" text, "state" varchar(255) DEFAULT 'public', "permalink" varchar(255)) [0m
  [4;36;1mSQL (0.4ms)[0m   [0;1mCREATE INDEX "index_forums_on_position_and_site_id" ON "forums" ("position", "site_id")[0m
  [4;35;1mSQL (0.2ms)[0m   [0mCREATE INDEX "index_forums_on_site_id_and_permalink" ON "forums" ("site_id", "permalink")[0m
  [4;36;1mSQL (0.7ms)[0m   [0;1m SELECT name
 FROM sqlite_master
 WHERE type = 'table' AND NOT name = 'sqlite_sequence'
[0m
  [4;35;1mSQL (0.4ms)[0m   [0mCREATE TABLE "moderatorships" ("id" INTEGER PRIMARY KEY AUTOINCREMENT NOT NULL, "forum_id" integer, "user_id" integer, "created_at" datetime, "updated_at" datetime) [0m
  [4;36;1mSQL (0.5ms)[0m   [0;1m SELECT name
 FROM sqlite_master
 WHERE type = 'table' AND NOT name = 'sqlite_sequence'
[0m
  [4;35;1mSQL (0.3ms)[0m   [0mCREATE TABLE "monitorships" ("id" INTEGER PRIMARY KEY AUTOINCREMENT NOT NULL, "user_id" integer, "topic_id" integer, "created_at" datetime, "updated_at" datetime, "active" boolean DEFAULT 't') [0m
  [4;36;1mSQL (0.5ms)[0m   [0;1m SELECT name
 FROM sqlite_master
 WHERE type = 'table' AND NOT name = 'sqlite_sequence'
[0m
  [4;35;1mSQL (5.5ms)[0m   [0mCREATE TABLE "open_id_authentication_associations" ("id" INTEGER PRIMARY KEY AUTOINCREMENT NOT NULL, "server_url" blob, "handle" varchar(255), "secret" blob, "issued" integer, "lifetime" integer, "assoc_type" varchar(255)) [0m
  [4;36;1mSQL (0.6ms)[0m   [0;1m SELECT name
 FROM sqlite_master
 WHERE type = 'table' AND NOT name = 'sqlite_sequence'
[0m
  [4;35;1mSQL (0.2ms)[0m   [0mCREATE TABLE "open_id_authentication_nonces" ("id" INTEGER PRIMARY KEY AUTOINCREMENT NOT NULL, "nonce" varchar(255), "created" integer) [0m
  [4;36;1mSQL (0.6ms)[0m   [0;1m SELECT name
 FROM sqlite_master
 WHERE type = 'table' AND NOT name = 'sqlite_sequence'
[0m
  [4;35;1mSQL (0.2ms)[0m   [0mCREATE TABLE "open_id_authentication_settings" ("id" INTEGER PRIMARY KEY AUTOINCREMENT NOT NULL, "setting" varchar(255), "value" blob) [0m
  [4;36;1mSQL (0.6ms)[0m   [0;1m SELECT name
 FROM sqlite_master
 WHERE type = 'table' AND NOT name = 'sqlite_sequence'
[0m
  [4;35;1mSQL (0.2ms)[0m   [0mCREATE TABLE "posts" ("id" INTEGER PRIMARY KEY AUTOINCREMENT NOT NULL, "user_id" integer, "topic_id" integer, "body" text, "created_at" datetime, "updated_at" datetime, "forum_id" integer, "body_html" text, "site_id" integer) [0m
  [4;36;1mSQL (0.2ms)[0m   [0;1mCREATE INDEX "index_posts_on_forum_id" ON "posts" ("created_at", "forum_id")[0m
  [4;35;1mSQL (0.2ms)[0m   [0mCREATE INDEX "index_posts_on_topic_id" ON "posts" ("created_at", "topic_id")[0m
  [4;36;1mSQL (0.2ms)[0m   [0;1mCREATE INDEX "index_posts_on_user_id" ON "posts" ("created_at", "user_id")[0m
  [4;35;1mSQL (0.6ms)[0m   [0m SELECT name
 FROM sqlite_master
 WHERE type = 'table' AND NOT name = 'sqlite_sequence'
[0m
  [4;36;1mSQL (0.3ms)[0m   [0;1mCREATE TABLE "sites" ("id" INTEGER PRIMARY KEY AUTOINCREMENT NOT NULL, "name" varchar(255), "host" varchar(255), "created_at" datetime, "updated_at" datetime, "topics_count" integer DEFAULT 0, "users_count" integer DEFAULT 0, "posts_count" integer DEFAULT 0, "description" text, "tagline" text) [0m
  [4;35;1mSQL (0.7ms)[0m   [0m SELECT name
 FROM sqlite_master
 WHERE type = 'table' AND NOT name = 'sqlite_sequence'
[0m
  [4;36;1mSQL (0.3ms)[0m   [0;1mCREATE TABLE "topics" ("id" INTEGER PRIMARY KEY AUTOINCREMENT NOT NULL, "forum_id" integer, "user_id" integer, "title" varchar(255), "created_at" datetime, "updated_at" datetime, "hits" integer DEFAULT 0, "sticky" integer DEFAULT 0, "posts_count" integer DEFAULT 0, "locked" boolean DEFAULT 'f', "last_post_id" integer, "last_updated_at" datetime, "last_user_id" integer, "site_id" integer, "permalink" varchar(255)) [0m
  [4;35;1mSQL (0.2ms)[0m   [0mCREATE INDEX "index_topics_on_forum_id_and_permalink" ON "topics" ("forum_id", "permalink")[0m
  [4;36;1mSQL (0.2ms)[0m   [0;1mCREATE INDEX "index_topics_on_forum_id_and_last_updated_at" ON "topics" ("last_updated_at", "forum_id")[0m
  [4;35;1mSQL (0.2ms)[0m   [0mCREATE INDEX "index_topics_on_sticky_and_last_updated_at" ON "topics" ("sticky", "last_updated_at", "forum_id")[0m
  [4;36;1mSQL (0.8ms)[0m   [0;1m SELECT name
 FROM sqlite_master
 WHERE type = 'table' AND NOT name = 'sqlite_sequence'
[0m
  [4;35;1mSQL (0.4ms)[0m   [0mCREATE TABLE "users" ("id" INTEGER PRIMARY KEY AUTOINCREMENT NOT NULL, "login" varchar(255), "email" varchar(255), "crypted_password" varchar(40), "salt" varchar(40), "created_at" datetime, "updated_at" datetime, "remember_token" varchar(255), "remember_token_expires_at" datetime, "activation_code" varchar(40), "activated_at" datetime, "state" varchar(255) DEFAULT 'passive', "deleted_at" datetime, "admin" boolean DEFAULT 'f', "site_id" integer, "last_login_at" datetime, "bio_html" text, "openid_url" varchar(255), "last_seen_at" datetime, "website" varchar(255), "posts_count" integer DEFAULT 0, "bio" varchar(255), "display_name" varchar(255), "permalink" varchar(255)) [0m
  [4;36;1mSQL (0.2ms)[0m   [0;1mCREATE INDEX "index_users_on_last_seen_at" ON "users" ("last_seen_at")[0m
  [4;35;1mSQL (0.2ms)[0m   [0mCREATE INDEX "index_site_users_on_permalink" ON "users" ("site_id", "permalink")[0m
  [4;36;1mSQL (0.2ms)[0m   [0;1mCREATE INDEX "index_site_users_on_posts_count" ON "users" ("site_id", "posts_count")[0m
  [4;35;1mSQL (0.2ms)[0m   [0mINSERT INTO schema_migrations (version) VALUES ('20091018035715')[0m
Migrating to CreatePermalinks (20091018035716)
  [4;36;1mUser Load (0.4ms)[0m   [0;1mSELECT * FROM "users" LIMIT 30 OFFSET 0[0m
  [4;36;1mSQL (0.3ms)[0m   [0;1m SELECT name
 FROM sqlite_master
 WHERE type = 'table' AND NOT name = 'sqlite_sequence'
[0m
  [4;35;1mSQL (0.1ms)[0m   [0mselect sqlite_version(*)[0m
  [4;36;1mSQL (2.3ms)[0m   [0;1mCREATE TABLE "schema_migrations" ("version" varchar(255) NOT NULL) [0m
  [4;35;1mSQL (1.3ms)[0m   [0mCREATE UNIQUE INDEX "unique_schema_migrations" ON "schema_migrations" ("version")[0m
  [4;36;1mSQL (0.2ms)[0m   [0;1m SELECT name
 FROM sqlite_master
 WHERE type = 'table' AND NOT name = 'sqlite_sequence'
[0m
  [4;35;1mSQL (0.1ms)[0m   [0mSELECT version FROM schema_migrations[0m
Migrating to CreateEntries (20090331233533)
  [4;36;1mSQL (0.8ms)[0m   [0;1mCREATE TABLE "entries" ("id" INTEGER PRIMARY KEY AUTOINCREMENT NOT NULL, "user_id" varchar(255), "title" varchar(250), "permalink" varchar(250), "publish_at" datetime, "content" varchar(255), "content_parsed" varchar(255), "created_at" datetime, "updated_at" datetime) [0m
  [4;35;1mSQL (0.2ms)[0m   [0mINSERT INTO schema_migrations (version) VALUES ('20090331233533')[0m
Migrating to CreateCategories (20090404020537)
  [4;36;1mSQL (0.7ms)[0m   [0;1mCREATE TABLE "categories" ("id" INTEGER PRIMARY KEY AUTOINCREMENT NOT NULL, "parent_id" integer DEFAULT 0, "name" varchar(50), "permalink" varchar(50), "description" varchar(300), "created_at" datetime, "updated_at" datetime) [0m
  [4;35;1mSQL (0.2ms)[0m   [0mINSERT INTO schema_migrations (version) VALUES ('20090404020537')[0m
Migrating to CreateCategoryEntries (20090404021136)
  [4;36;1mSQL (0.6ms)[0m   [0;1mCREATE TABLE "category_entries" ("id" INTEGER PRIMARY KEY AUTOINCREMENT NOT NULL, "entry_id" integer, "category_id" integer, "created_at" datetime, "updated_at" datetime) [0m
  [4;35;1mSQL (0.2ms)[0m   [0mINSERT INTO schema_migrations (version) VALUES ('20090404021136')[0m
Migrating to CreateTags (20090404143849)
  [4;36;1mSQL (0.7ms)[0m   [0;1mCREATE TABLE "tags" ("id" INTEGER PRIMARY KEY AUTOINCREMENT NOT NULL, "name" varchar(50), "permalink" varchar(50), "description" varchar(300), "created_at" datetime, "updated_at" datetime) [0m
  [4;35;1mSQL (0.2ms)[0m   [0mINSERT INTO schema_migrations (version) VALUES ('20090404143849')[0m
Migrating to CreateTagEntries (20090404143943)
  [4;36;1mSQL (0.7ms)[0m   [0;1mCREATE TABLE "tag_entries" ("id" INTEGER PRIMARY KEY AUTOINCREMENT NOT NULL, "entry_id" integer, "tag_id" integer, "created_at" datetime, "updated_at" datetime) [0m
  [4;35;1mSQL (0.2ms)[0m   [0mINSERT INTO schema_migrations (version) VALUES ('20090404143943')[0m
Migrating to CreateComments (20090404165228)
  [4;36;1mSQL (0.7ms)[0m   [0;1mCREATE TABLE "comments" ("id" INTEGER PRIMARY KEY AUTOINCREMENT NOT NULL, "entry_id" integer, "alias" varchar(255), "ip" varchar(255), "website" varchar(255), "email" varchar(255), "comment" varchar(255), "created_at" datetime, "updated_at" datetime) [0m
  [4;35;1mSQL (0.2ms)[0m   [0mINSERT INTO schema_migrations (version) VALUES ('20090404165228')[0m
Migrating to AddDeletedToComment (20090404170416)
  [4;36;1mSQL (0.7ms)[0m   [0;1mALTER TABLE "comments" ADD "deleted_at" datetime[0m
  [4;35;1mSQL (0.2ms)[0m   [0mINSERT INTO schema_migrations (version) VALUES ('20090404170416')[0m
Migrating to CreateLinks (20090419215729)
  [4;36;1mSQL (0.7ms)[0m   [0;1mCREATE TABLE "links" ("id" INTEGER PRIMARY KEY AUTOINCREMENT NOT NULL, "name" varchar(50), "url" varchar(100), "deleted_at" datetime, "created_at" datetime, "updated_at" datetime) [0m
  [4;35;1mSQL (0.2ms)[0m   [0mINSERT INTO schema_migrations (version) VALUES ('20090419215729')[0m
Migrating to AlterCommentsFields (20090422233019)
  [4;36;1mSQL (0.9ms)[0m   [0;1mCREATE TEMPORARY TABLE "altered_comments" ("id" INTEGER PRIMARY KEY AUTOINCREMENT NOT NULL, "entry_id" integer, "author" varchar(255), "ip" varchar(255), "website" varchar(255), "email" varchar(255), "comment" varchar(255), "created_at" datetime, "updated_at" datetime, "deleted_at" datetime) [0m
  [4;35;1mSQL (0.1ms)[0m   [0mPRAGMA index_list("comments")[0m
  [4;36;1mSQL (0.8ms)[0m   [0;1mDROP TABLE "comments"[0m
  [4;35;1mSQL (0.3ms)[0m   [0mCREATE TABLE "comments" ("id" INTEGER PRIMARY KEY AUTOINCREMENT NOT NULL, "entry_id" integer, "author" varchar(255), "ip" varchar(255), "website" varchar(255), "email" varchar(255), "comment" varchar(255), "created_at" datetime, "updated_at" datetime, "deleted_at" datetime) [0m
  [4;36;1mSQL (0.1ms)[0m   [0;1mPRAGMA index_list("altered_comments")[0m
  [4;35;1mSQL (0.7ms)[0m   [0mDROP TABLE "altered_comments"[0m
  [4;36;1mSQL (0.4ms)[0m   [0;1mCREATE TEMPORARY TABLE "altered_comments" ("id" INTEGER PRIMARY KEY AUTOINCREMENT NOT NULL, "entry_id" integer, "author" varchar(255), "ip" varchar(255), "author_url" varchar(255), "email" varchar(255), "comment" varchar(255), "created_at" datetime, "updated_at" datetime, "deleted_at" datetime) [0m
  [4;35;1mSQL (0.1ms)[0m   [0mPRAGMA index_list("comments")[0m
  [4;36;1mSQL (0.5ms)[0m   [0;1mDROP TABLE "comments"[0m
  [4;35;1mSQL (0.3ms)[0m   [0mCREATE TABLE "comments" ("id" INTEGER PRIMARY KEY AUTOINCREMENT NOT NULL, "entry_id" integer, "author" varchar(255), "ip" varchar(255), "author_url" varchar(255), "email" varchar(255), "comment" varchar(255), "created_at" datetime, "updated_at" datetime, "deleted_at" datetime) [0m
  [4;36;1mSQL (0.1ms)[0m   [0;1mPRAGMA index_list("altered_comments")[0m
  [4;35;1mSQL (0.4ms)[0m   [0mDROP TABLE "altered_comments"[0m
  [4;36;1mSQL (0.4ms)[0m   [0;1mCREATE TEMPORARY TABLE "altered_comments" ("id" INTEGER PRIMARY KEY AUTOINCREMENT NOT NULL, "entry_id" integer, "author" varchar(255), "ip" varchar(255), "author_url" varchar(255), "author_email" varchar(255), "comment" varchar(255), "created_at" datetime, "updated_at" datetime, "deleted_at" datetime) [0m
  [4;35;1mSQL (0.1ms)[0m   [0mPRAGMA index_list("comments")[0m
  [4;36;1mSQL (0.4ms)[0m   [0;1mDROP TABLE "comments"[0m
  [4;35;1mSQL (0.3ms)[0m   [0mCREATE TABLE "comments" ("id" INTEGER PRIMARY KEY AUTOINCREMENT NOT NULL, "entry_id" integer, "author" varchar(255), "ip" varchar(255), "author_url" varchar(255), "author_email" varchar(255), "comment" varchar(255), "created_at" datetime, "updated_at" datetime, "deleted_at" datetime) [0m
  [4;36;1mSQL (0.1ms)[0m   [0;1mPRAGMA index_list("altered_comments")[0m
  [4;35;1mSQL (0.3ms)[0m   [0mDROP TABLE "altered_comments"[0m
  [4;36;1mSQL (0.3ms)[0m   [0;1mCREATE TEMPORARY TABLE "altered_comments" ("id" INTEGER PRIMARY KEY AUTOINCREMENT NOT NULL, "entry_id" integer, "author" varchar(255), "ip" varchar(255), "author_url" varchar(255), "author_email" varchar(255), "content" varchar(255), "created_at" datetime, "updated_at" datetime, "deleted_at" datetime) [0m
  [4;35;1mSQL (0.1ms)[0m   [0mPRAGMA index_list("comments")[0m
  [4;36;1mSQL (0.6ms)[0m   [0;1mDROP TABLE "comments"[0m
  [4;35;1mSQL (0.4ms)[0m   [0mCREATE TABLE "comments" ("id" INTEGER PRIMARY KEY AUTOINCREMENT NOT NULL, "entry_id" integer, "author" varchar(255), "ip" varchar(255), "author_url" varchar(255), "author_email" varchar(255), "content" varchar(255), "created_at" datetime, "updated_at" datetime, "deleted_at" datetime) [0m
  [4;36;1mSQL (0.1ms)[0m   [0;1mPRAGMA index_list("altered_comments")[0m
  [4;35;1mSQL (0.3ms)[0m   [0mDROP TABLE "altered_comments"[0m
  [4;36;1mSQL (0.4ms)[0m   [0;1mCREATE TEMPORARY TABLE "altered_comments" ("id" INTEGER PRIMARY KEY AUTOINCREMENT NOT NULL, "entry_id" integer, "author" varchar(255), "user_ip" varchar(255), "author_url" varchar(255), "author_email" varchar(255), "content" varchar(255), "created_at" datetime, "updated_at" datetime, "deleted_at" datetime) [0m
  [4;35;1mSQL (0.1ms)[0m   [0mPRAGMA index_list("comments")[0m
  [4;36;1mSQL (0.4ms)[0m   [0;1mDROP TABLE "comments"[0m
  [4;35;1mSQL (0.3ms)[0m   [0mCREATE TABLE "comments" ("id" INTEGER PRIMARY KEY AUTOINCREMENT NOT NULL, "entry_id" integer, "author" varchar(255), "user_ip" varchar(255), "author_url" varchar(255), "author_email" varchar(255), "content" varchar(255), "created_at" datetime, "updated_at" datetime, "deleted_at" datetime) [0m
  [4;36;1mSQL (0.1ms)[0m   [0;1mPRAGMA index_list("altered_comments")[0m
  [4;35;1mSQL (0.4ms)[0m   [0mDROP TABLE "altered_comments"[0m
  [4;36;1mSQL (0.3ms)[0m   [0;1mALTER TABLE "comments" ADD "user_agent" varchar(500)[0m
  [4;35;1mSQL (0.2ms)[0m   [0mINSERT INTO schema_migrations (version) VALUES ('20090422233019')[0m
Migrating to CreateAlteredBeastSchema (20091018035715)
  [4;36;1mSQL (0.6ms)[0m   [0;1m SELECT name
 FROM sqlite_master
 WHERE type = 'table' AND NOT name = 'sqlite_sequence'
[0m
  [4;35;1mSQL (0.8ms)[0m   [0mCREATE TABLE "forums" ("id" INTEGER PRIMARY KEY AUTOINCREMENT NOT NULL, "site_id" integer, "name" varchar(255), "description" varchar(255), "topics_count" integer DEFAULT 0, "posts_count" integer DEFAULT 0, "position" integer DEFAULT 0, "description_html" text, "state" varchar(255) DEFAULT 'public', "permalink" varchar(255)) [0m
  [4;36;1mSQL (0.3ms)[0m   [0;1mCREATE INDEX "index_forums_on_position_and_site_id" ON "forums" ("position", "site_id")[0m
  [4;35;1mSQL (0.2ms)[0m   [0mCREATE INDEX "index_forums_on_site_id_and_permalink" ON "forums" ("site_id", "permalink")[0m
  [4;36;1mSQL (0.7ms)[0m   [0;1m SELECT name
 FROM sqlite_master
 WHERE type = 'table' AND NOT name = 'sqlite_sequence'
[0m
  [4;35;1mSQL (0.3ms)[0m   [0mCREATE TABLE "moderatorships" ("id" INTEGER PRIMARY KEY AUTOINCREMENT NOT NULL, "forum_id" integer, "user_id" integer, "created_at" datetime, "updated_at" datetime) [0m
  [4;36;1mSQL (0.5ms)[0m   [0;1m SELECT name
 FROM sqlite_master
 WHERE type = 'table' AND NOT name = 'sqlite_sequence'
[0m
  [4;35;1mSQL (0.3ms)[0m   [0mCREATE TABLE "monitorships" ("id" INTEGER PRIMARY KEY AUTOINCREMENT NOT NULL, "user_id" integer, "topic_id" integer, "created_at" datetime, "updated_at" datetime, "active" boolean DEFAULT 't') [0m
  [4;36;1mSQL (0.5ms)[0m   [0;1m SELECT name
 FROM sqlite_master
 WHERE type = 'table' AND NOT name = 'sqlite_sequence'
[0m
  [4;35;1mSQL (0.3ms)[0m   [0mCREATE TABLE "open_id_authentication_associations" ("id" INTEGER PRIMARY KEY AUTOINCREMENT NOT NULL, "server_url" blob, "handle" varchar(255), "secret" blob, "issued" integer, "lifetime" integer, "assoc_type" varchar(255)) [0m
  [4;36;1mSQL (0.6ms)[0m   [0;1m SELECT name
 FROM sqlite_master
 WHERE type = 'table' AND NOT name = 'sqlite_sequence'
[0m
  [4;35;1mSQL (0.2ms)[0m   [0mCREATE TABLE "open_id_authentication_nonces" ("id" INTEGER PRIMARY KEY AUTOINCREMENT NOT NULL, "nonce" varchar(255), "created" integer) [0m
  [4;36;1mSQL (0.6ms)[0m   [0;1m SELECT name
 FROM sqlite_master
 WHERE type = 'table' AND NOT name = 'sqlite_sequence'
[0m
  [4;35;1mSQL (0.2ms)[0m   [0mCREATE TABLE "open_id_authentication_settings" ("id" INTEGER PRIMARY KEY AUTOINCREMENT NOT NULL, "setting" varchar(255), "value" blob) [0m
  [4;36;1mSQL (0.6ms)[0m   [0;1m SELECT name
 FROM sqlite_master
 WHERE type = 'table' AND NOT name = 'sqlite_sequence'
[0m
  [4;35;1mSQL (0.2ms)[0m   [0mCREATE TABLE "posts" ("id" INTEGER PRIMARY KEY AUTOINCREMENT NOT NULL, "user_id" integer, "topic_id" integer, "body" text, "created_at" datetime, "updated_at" datetime, "forum_id" integer, "body_html" text, "site_id" integer) [0m
  [4;36;1mSQL (0.2ms)[0m   [0;1mCREATE INDEX "index_posts_on_forum_id" ON "posts" ("created_at", "forum_id")[0m
  [4;35;1mSQL (0.2ms)[0m   [0mCREATE INDEX "index_posts_on_topic_id" ON "posts" ("created_at", "topic_id")[0m
  [4;36;1mSQL (0.2ms)[0m   [0;1mCREATE INDEX "index_posts_on_user_id" ON "posts" ("created_at", "user_id")[0m
  [4;35;1mSQL (0.6ms)[0m   [0m SELECT name
 FROM sqlite_master
 WHERE type = 'table' AND NOT name = 'sqlite_sequence'
[0m
  [4;36;1mSQL (0.3ms)[0m   [0;1mCREATE TABLE "sites" ("id" INTEGER PRIMARY KEY AUTOINCREMENT NOT NULL, "name" varchar(255), "host" varchar(255), "created_at" datetime, "updated_at" datetime, "topics_count" integer DEFAULT 0, "users_count" integer DEFAULT 0, "posts_count" integer DEFAULT 0, "description" text, "tagline" text) [0m
  [4;35;1mSQL (0.8ms)[0m   [0m SELECT name
 FROM sqlite_master
 WHERE type = 'table' AND NOT name = 'sqlite_sequence'
[0m
  [4;36;1mSQL (0.4ms)[0m   [0;1mCREATE TABLE "topics" ("id" INTEGER PRIMARY KEY AUTOINCREMENT NOT NULL, "forum_id" integer, "user_id" integer, "title" varchar(255), "created_at" datetime, "updated_at" datetime, "hits" integer DEFAULT 0, "sticky" integer DEFAULT 0, "posts_count" integer DEFAULT 0, "locked" boolean DEFAULT 'f', "last_post_id" integer, "last_updated_at" datetime, "last_user_id" integer, "site_id" integer, "permalink" varchar(255)) [0m
  [4;35;1mSQL (0.2ms)[0m   [0mCREATE INDEX "index_topics_on_forum_id_and_permalink" ON "topics" ("forum_id", "permalink")[0m
  [4;36;1mSQL (0.2ms)[0m   [0;1mCREATE INDEX "index_topics_on_forum_id_and_last_updated_at" ON "topics" ("last_updated_at", "forum_id")[0m
  [4;35;1mSQL (0.2ms)[0m   [0mCREATE INDEX "index_topics_on_sticky_and_last_updated_at" ON "topics" ("sticky", "last_updated_at", "forum_id")[0m
  [4;36;1mSQL (0.8ms)[0m   [0;1m SELECT name
 FROM sqlite_master
 WHERE type = 'table' AND NOT name = 'sqlite_sequence'
[0m
  [4;35;1mSQL (0.5ms)[0m   [0mCREATE TABLE "users" ("id" INTEGER PRIMARY KEY AUTOINCREMENT NOT NULL, "login" varchar(255), "email" varchar(255), "crypted_password" varchar(40), "salt" varchar(40), "created_at" datetime, "updated_at" datetime, "remember_token" varchar(255), "remember_token_expires_at" datetime, "activation_code" varchar(40), "activated_at" datetime, "state" varchar(255) DEFAULT 'passive', "deleted_at" datetime, "admin" boolean DEFAULT 'f', "site_id" integer, "last_login_at" datetime, "bio_html" text, "openid_url" varchar(255), "last_seen_at" datetime, "website" varchar(255), "posts_count" integer DEFAULT 0, "bio" varchar(255), "display_name" varchar(255), "permalink" varchar(255)) [0m
  [4;36;1mSQL (0.3ms)[0m   [0;1mCREATE INDEX "index_users_on_last_seen_at" ON "users" ("last_seen_at")[0m
  [4;35;1mSQL (0.2ms)[0m   [0mCREATE INDEX "index_site_users_on_permalink" ON "users" ("site_id", "permalink")[0m
  [4;36;1mSQL (0.2ms)[0m   [0;1mCREATE INDEX "index_site_users_on_posts_count" ON "users" ("site_id", "posts_count")[0m
  [4;35;1mSQL (0.2ms)[0m   [0mINSERT INTO schema_migrations (version) VALUES ('20091018035715')[0m
Migrating to AddBrainBuster (20091018035717)
  [4;36;1mSQL (0.9ms)[0m   [0;1m SELECT name
 FROM sqlite_master
 WHERE type = 'table' AND NOT name = 'sqlite_sequence'
[0m
  [4;35;1mSQL (0.7ms)[0m   [0mCREATE TABLE "brain_busters" ("id" INTEGER PRIMARY KEY AUTOINCREMENT NOT NULL, "question" varchar(255), "answer" varchar(255)) [0m
  [4;36;1mSQL (0.2ms)[0m   [0;1mINSERT INTO schema_migrations (version) VALUES ('20091018035717')[0m
  [4;35;1mSQL (1.0ms)[0m   [0m SELECT name
 FROM sqlite_master
 WHERE type = 'table' AND NOT name = 'sqlite_sequence'
[0m
  [4;36;1mSQL (0.5ms)[0m   [0;1mSELECT version FROM schema_migrations[0m
  [4;35;1mSQL (0.8ms)[0m   [0m SELECT name
 FROM sqlite_master
 WHERE type = 'table' AND NOT name = 'sqlite_sequence'
[0m
  [4;36;1mSQL (0.1ms)[0m   [0;1mPRAGMA index_list("brain_busters")[0m
  [4;35;1mSQL (0.1ms)[0m   [0mPRAGMA index_list("categories")[0m
  [4;36;1mSQL (0.1ms)[0m   [0;1mPRAGMA index_list("category_entries")[0m
  [4;35;1mSQL (0.1ms)[0m   [0mPRAGMA index_list("comments")[0m
  [4;36;1mSQL (0.1ms)[0m   [0;1mPRAGMA index_list("entries")[0m
  [4;35;1mSQL (0.2ms)[0m   [0mPRAGMA index_list("forums")[0m
  [4;36;1mSQL (0.2ms)[0m   [0;1mPRAGMA index_info('index_forums_on_site_id_and_permalink')[0m
  [4;35;1mSQL (0.2ms)[0m   [0mPRAGMA index_info('index_forums_on_position_and_site_id')[0m
  [4;36;1mSQL (0.1ms)[0m   [0;1mPRAGMA index_list("links")[0m
  [4;35;1mSQL (0.1ms)[0m   [0mPRAGMA index_list("moderatorships")[0m
  [4;36;1mSQL (0.1ms)[0m   [0;1mPRAGMA index_list("monitorships")[0m
  [4;35;1mSQL (0.1ms)[0m   [0mPRAGMA index_list("open_id_authentication_associations")[0m
  [4;36;1mSQL (0.1ms)[0m   [0;1mPRAGMA index_list("open_id_authentication_nonces")[0m
  [4;35;1mSQL (0.1ms)[0m   [0mPRAGMA index_list("open_id_authentication_settings")[0m
  [4;36;1mSQL (0.2ms)[0m   [0;1mPRAGMA index_list("posts")[0m
  [4;35;1mSQL (0.2ms)[0m   [0mPRAGMA index_info('index_posts_on_user_id')[0m
  [4;36;1mSQL (0.2ms)[0m   [0;1mPRAGMA index_info('index_posts_on_topic_id')[0m
  [4;35;1mSQL (0.2ms)[0m   [0mPRAGMA index_info('index_posts_on_forum_id')[0m
  [4;36;1mSQL (0.1ms)[0m   [0;1mPRAGMA index_list("sites")[0m
  [4;35;1mSQL (0.0ms)[0m   [0mPRAGMA index_list("tag_entries")[0m
  [4;36;1mSQL (0.1ms)[0m   [0;1mPRAGMA index_list("tags")[0m
  [4;35;1mSQL (0.3ms)[0m   [0mPRAGMA index_list("topics")[0m
  [4;36;1mSQL (0.2ms)[0m   [0;1mPRAGMA index_info('index_topics_on_sticky_and_last_updated_at')[0m
  [4;35;1mSQL (0.2ms)[0m   [0mPRAGMA index_info('index_topics_on_forum_id_and_last_updated_at')[0m
  [4;36;1mSQL (0.2ms)[0m   [0;1mPRAGMA index_info('index_topics_on_forum_id_and_permalink')[0m
  [4;35;1mSQL (0.2ms)[0m   [0mPRAGMA index_list("users")[0m
  [4;36;1mSQL (0.2ms)[0m   [0;1mPRAGMA index_info('index_site_users_on_posts_count')[0m
  [4;35;1mSQL (0.2ms)[0m   [0mPRAGMA index_info('index_site_users_on_permalink')[0m
  [4;36;1mSQL (0.1ms)[0m   [0;1mPRAGMA index_info('index_users_on_last_seen_at')[0m
